/admin-serv
/admin-serv/config/admpw
/admpw
/agents
/bin
/ca
/ca
/cgi-bin
/config
/dirb_random.cgi
/dirb_random.jsp
/dirb_random.shtml
/docs
/dsgw
/help
/index.html
/jsp
/manual
/mc-icons
/netshare
/ns-icons
/publisher
/search
/search-ui
/servlet
/servlets
/*.jsp
/AQApp
/AQApp/
/Adaptador
/Admin
/AggreSpy
/Apps
/BBoardServlet
/BC4J
/BC4J/
/BPELAdmin/
/BPELAdmin/login.jsp
/BPELAdmin/server.jsp
/BPELConsole
/BPELConsole/
/BPELConsole/login.jsp
/ConfigServlet
/Consumer
/Consumer/HotelAdmin.jsp
/CookieExample
/Counter
/DateServlet
/EJB
/EMDServlet
/FAQApp
/FE
/HelloWorldServlet
/HelloworldExample
/HelloworldServlet
/HotelService
/HttpSoap12
/IsWebCacheWorking/
/IsWebCacheWorking/jesi_template.jsp
/J2EE.htm
/J2EEandIA.htm
/JMSRouter_MBean_starter
/JMXSoapAdapter
/JMXSoapAdapter-web
/JSP
/NFIntro.htm
/OA_HTML/
/OA_HTML/AppsLocalLogin.jsp
/OA_HTML/PTB/mwa_readme.htm
/OA_HTML/oam/weboam.log
/OA_JAVA/
/OHW
/OnlineOrders_html/
/OnlineOrders_html/login.jsp
/Oracle
/OracleASjms
/README
/RedirectServlet
/RequestHeaderExample
/RequestInfoExample
/RequestParamExample
/Servlet
/ServletToJsp
/Servlets
/SessionExample
/SessionServlet
/SimpleServlet
/SnoopServlet
/Spy
/ToJSPServlet
/ViewSrc
/WEB-INF/config.xml
/WebCacheDemo.html
/XSQLConfig.xml
/_pages
/_pages/
/_pages/_demo/
/_pages/_demo/_ojspext/_events/_index.java
/_pages/_demo/_sql/
/_pages/_demo/_sql/_pages/
/_pages/_webapp/_admin/_showjavartdetails.java
/_pages/_webapp/_admin/_showpooldetails.java
/_pages/_webapp/_jsp/
/admin/
/admin_/
/admin_ejb
/adminoc4j
/apex/
/aplogon.html
/appdet.html
/aqserv/servlet
/ascontrol
/assistants/
/backup_restore/
/basic
/bc4j
/bc4j.html
/bc4j.jsp
/bc4jadmin/bc4jadmin.htm
/bc4jdoc/
/bc4jdoc/rt/index.html
/bc4jdoc/setup.html
/bmp/
/bmp/JSPClient.java
/bmp/README.txt
/bmp/SqljConnBeanDemo.jsp
/bmp/SqljConnBeanDemo.jsp.txt
/bmp/SqljConnCacheBeanDemo.jsp
/bmp/SqljConnCacheBeanDemo.jsp.txt
/bmp/SqljCursorBeanDemo.jsp
/bmp/SqljCursorBeanDemo.jsp.txt
/bmp/SqljIterator.sql.jsp
/bmp/SqljIterator.sql.jsp.txt
/bmp/SqljIterator.sqljsp
/bmp/SqljIterator.sqljsp.txt
/bmp/SqljSelectInto.sql.jsp
/bmp/SqljSelectInto.sql.jsp.txt
/bmp/SqljSelectInto.sqljsp
/bmp/SqljSelectInto.sqljsp.txt
/bmp/SqljSerialize.sql.jsp
/bmp/SqljSerialize.sql.jsp.txt
/bmp/SqljSerialize.sqljsp
/bmp/SqljSerialize.sqljsp.txt
/bmp/global-web-application.xml
/bmp/mime.types
/bmp/setconn.jsp
/bmp/sqljdemo.jsp
/bpel
/cabo
/cal
/callerInfo/
/callerInfo/README.txt
/callerInfo/callerInfo/
/callerInfo/callerInfoA
/callerInfo/callerInfoB
/cartx/owa
/catalog
/ccore
/ccore/
/cgi-bin
/cgi-bin/
/cgi-bin/printenv
/cgi-bin/printenv.tmp
/cgi-bin/test-cgi
/config.xml
/console
/console/*
/console/help/*
/content/index.jspx
/content/ws/RemoteLoginManager
/content/ws/SessionManager
/csportlet/providers/
/dav
/dav/
/dav_portal/portal/
/dav_public
/dav_public/
/default
/defaultWebApp
/demo
/demo/
/demo/basic/hellouser/hellouser.jsp
/demo/basic/hellouser/synopsis.htm
/demo/basic/index.html
/demo/basic/info/info.jsp
/demo/basic/info/synopsis.htm
/demo/basic/jspstore/index.jsp
/demo/basic/jspstore/synopsis.htm
/demo/basic/lottery/lotto.jsp
/demo/basic/lottery/synopsis.htm
/demo/basic/simple/index.html
/demo/corba/CallCORBA.jsp
/demo/corba/index.html
/demo/corba/viewsrc/CallCORBA.jsp.txt
/demo/corba/viewsrc/HelloCorbaWrapperBean.java.txt
/demo/customtag/exampletag.jsp
/demo/customtag/index.htm
/demo/customtag/viewsrc/ExampleLoopTag.java.txt
/demo/customtag/viewsrc/ExampleLoopTagTEI.java.txt
/demo/customtag/viewsrc/exampletag.jsp.txt
/demo/customtag/viewsrc/exampletag.tld.txt
/demo/ejb/CallEJB.jsp
/demo/ejb/index.html
/demo/ejb/viewsrc/CallEJB.jsp.txt
/demo/ejb/viewsrc/EmployeeEJBWrapper.java.txt
/demo/ojspext/events/index.jsp
/demo/ojspext/events/synopsis.htm
/demo/ojspext/index.html
/demo/ojspext/jmltype/index.jsp
/demo/ojspext/jmltype/synopsis.htm
/demo/ojspext/jspscope/scope.jsp
/demo/ojspext/jspscope/synopsis.htm
/demo/sql/bean/ConnBeanDemo.jsp
/demo/sql/bean/ConnCacheBeanDemo.jsp
/demo/sql/bean/CursorBeanDemo.jsp
/demo/sql/bean/DBBeanDemo.jsp
/demo/xml/helloxml/hello.jsp
/demo/xml/helloxml/index.html
/demo/xml/index.html
/demo/xml/xmlquery/XMLQuery.jsp
/demo/xml/xmlquery/index.html
/demo/xml/xmlquery/viewsrc/XMLQuery.jsp.txt
/dev60cgi/f60cgi
/dev60cgi/ifcgi60.exe
/dev60cgi/rwcgi60
/diagnostics/
/discoverer/app/about
/discoverer/app/cec
/discoverer/app/connection
/discoverer/app/export
/discoverer/common/help/en/connections.htm
/discoverer/intro/html/disc_demo_custom.htm
/discoverer/intro/html/disc_demo_intro.htm
/discoverer/plus
/discoverer/plus#Connect%20Directly
/discoverer/viewer
/discoverer/viewer_files/help/en/edit_parameters.htm
/dms
/dms/AggreSpy
/dms/DMSDump
/dms/Spy
/dms0
/dms0/
/dms0/AggreSpy
/dms0/Spy
/dmsoc4j
/dmsoc4j/AggreSpy
/dsa/
/dynamicImage
/dynamicImage/*
/echo
/echo2
/em
/em/
/em/dynamicImage/emSDK/chart/EmChartBean
/emd/dynamicImage/emSDK/chart/EmChartBean
/esb
/esb/
/examples
/examples/jsp/
/examples/jsp/jsp2/misc/config.jsp
/examples/jsp/snp/snoop.jsp
/examples/servlets/
/f60cgi.exe
/f60servlet
/false
/fastcgi/
/fcgi-bin
/fcgi-bin/
/fcgi-bin/echo
/fcgi-bin/echo.exe
/fcgi-bin/echo2
/fcgi-bin/echo2.exe
/fcgi-bin/printenv
/file.xsql
/forms/frmservlet
/forms/jinitiator/us/jinit_download.htm
/forms/lservlet
/forms90/f90servlet
/g11n/imap.html
/g11n/suppA/html/frame.html
/g11n/suppA/jsp/newBook.jsp
/g11n/suppB/html/frame.html
/g11n/suppB/jsp/newBook.jsp
/g11n/wob/jsp/welcome.jsp
/globals.jsa
/has/
/hdemo
/hellouser
/hellouser.jsp
/help/index.htm
/home
/home/oas/OraHome_1/
/iASDemos.htm
/ias/cluster/appServer.jsp
/ias/cluster/topology.jsp
/ias/faintTabsInclude.jsp
/ias/oc4j/admin/j2eeWebsites.jsp
/ias/oc4j/admin/websites/wsHome.jsp
/ias/oc4j/administration.jsp
/ias/oc4j/app/appHome.jsp
/ias/oc4j/app/appViewDesc.jsp
/iaspt/
/imtapp/app/arc_pub.uix
/imtapp/app/gbl_contact_us.uix
/imtapp/app/home.uix
/imtapp/app/prelogin.uix
/imtapp/app/pubschconf.uix
/imthelp/help/
/inTellectPRO.jsp
/index.html
/index.jsp
/index_jsp
/install.platform/
/install/
/inventory/
/isqlplus
/isqlplus/
/j2ee
/j2ee/
/j2ee/OC4J_Demos
/j2ee/examples/jsp/
/j2ee/examples/jsp/cal/calendar.html
/j2ee/examples/jsp/cal/login.html
/j2ee/examples/jsp/checkbox/check.html
/j2ee/examples/jsp/checkbox/cresult.html
/j2ee/examples/jsp/colors/clr.html
/j2ee/examples/jsp/colors/colors.html
/j2ee/examples/jsp/colors/cresult.html
/j2ee/examples/jsp/dates/date.html
/j2ee/examples/jsp/dates/date.jsp
/j2ee/examples/jsp/error/er.html
/j2ee/examples/jsp/error/error.html
/j2ee/examples/jsp/forward/forward.jsp
/j2ee/examples/jsp/forward/fwd.html
/j2ee/examples/jsp/include/inc.html
/j2ee/examples/jsp/jsptoserv/jsptoservlet.jsp
/j2ee/examples/jsp/jsptoserv/jts.html
/j2ee/examples/jsp/num/numguess.html
/j2ee/examples/jsp/num/numguess.jsp
/j2ee/examples/jsp/plugin/plugin.html
/j2ee/examples/jsp/plugin/plugin.jsp
/j2ee/examples/jsp/sessions/carts.html
/j2ee/examples/jsp/sessions/crt.html
/j2ee/examples/jsp/snp/snoop.html
/j2ee/examples/jsp/snp/snoop.jsp
/j2ee/examples/servlets/cookies.html
/j2ee/examples/servlets/helloworld.html
/j2ee/examples/servlets/index.html
/j2ee/examples/servlets/reqheaders.html
/j2ee/examples/servlets/reqinfo.html
/j2ee/examples/servlets/reqparams.html
/j2ee/examples/servlets/sessions.html
/j2ee/examples/servlets/snoop.txt
/j2ee/examples/servlets/tojsp.html
/j2ee/index.jsp
/j2ee/oc4jfeatures.html
/j2ee/servlet/CookieExample
/j2ee/servlet/HelloWorldExample
/j2ee/servlet/RequestHeaderExample
/j2ee/servlet/RequestInfoExample
/j2ee/servlet/RequestParamExample
/j2ee/servlet/SessionExample
/j2ee/servlet/SnoopServlet
/j2ee/servlet/ToJSPServlet
/javacache/
/javacachedocs
/javavm/
/jdbc/
/jinitiator/jinit_download.htm
/jinitiator/us/jinit_download.htm
/jmsrouter
/jmsrouter_ejb
/jmsrouter_web
/jmsws1
/jmsws1.ear
/jmsws2
/jocdemo/servlet/IsCacheWorking
/jre/
/jserv
/jserv/engine/0
/jserv/status
/jservdocs/
/jsp
/jsp/
/jsp_backup/
/jspdocs
/jspdocs/
/jspdocs/index.html
/jspdocs/javadoc
/jspsamples
/lbs/
/ldap/
/log/
/login.html
/logon.jsp
/logs
/master/
/mesg/
/mod_ose.html
/mod_ose_docs
/mod_ose_docs/
/myapp
/myapp/
/mydad
/mydad/
/netbanking
/nls
/nls/
/no
/oa_servlets/AppsLogin
/oa_servlets/oracle.apps.fnd.sso.FNDSSOLogoutRedirect
/oas
/oc4j
/oc4j-status
/oc4jadmin
/oem_webstage/oem.conf
/oiddas
/oiddas/
/oiddas/oiddashome.uix
/oiddas/ui/
/oiddas/ui/oracle/ldap/das
/oiddas/ui/oracle/ldap/das/conf/DASGeneralConf
/oiddas/ui/oracle/ldap/das/directory/DASUserMgmtDir
/oiddas/ui/oracle/ldap/das/mypage/ViewMyPage
/oiddas/ui/oracle/ldap/das/subscriber/DASSubscriberLOV
/ojspdemos
/ojspdemos/
/ojspdemos/basic/hellouser/hellouser.jsp
/ojspdemos/basic/hellouser/hellouser_jml.jsp
/ojspdemos/basic/hellouser/synopsis.htm
/ojspdemos/basic/index.html
/ojspdemos/basic/info/info.jsp
/ojspdemos/basic/info/synopsis.htm
/ojspdemos/basic/jspstore/basic/addtobkt.gif
/ojspdemos/basic/jspstore/basic/bg.gif
/ojspdemos/basic/jspstore/basic/shop_again.gif
/ojspdemos/basic/jspstore/index.jsp
/ojspdemos/basic/jspstore/synopsis.htm
/ojspdemos/basic/lottery/lotto.jsp
/ojspdemos/basic/lottery/synopsis.htm
/ojspdemos/basic/simple/index.html
/ojspdemos/basic/simple/usebean.jsp
/ojspdemos/basic/simple/welcome.jsp
/ojspdemos/basic/simple/welcomeuser.jsp
/ojspdemos/cache/codenotes.html
/ojspdemos/cache/data_in_html_and_email.jsp
/ojspdemos/cache/ecSynopsis.html
/ojspdemos/cache/fs/added.jsp
/ojspdemos/cache/fs/additem.html
/ojspdemos/cache/fs/fsSynopsis.html
/ojspdemos/cache/index.html
/ojspdemos/cache/objcache/objcache.jsp
/ojspdemos/cache/objcache/synopsis.html
/ojspdemos/cache/ocs/additem.html
/ojspdemos/cache/ocs/ocsSynopsis.html
/ojspdemos/cache/servletSynopsis.html
/ojspdemos/cache/servletcode.jsp
/ojspdemos/cache/setup.html
/ojspdemos/cache/tagcode.jsp
/ojspdemos/cache/xmldomcache.html
/ojspdemos/cache/xmldomcache.jsp
/ojspdemos/customtag/basic.html
/ojspdemos/customtag/index.html
/ojspdemos/customtag/looptag.html
/ojspdemos/customtag/xmlview.html
/ojspdemos/ejbtags/index.html
/ojspdemos/ejbtags/iterate.jsp
/ojspdemos/ejbtags/usebean.jsp
/ojspdemos/ejbtags/usebeanlocal.jsp
/ojspdemos/email/index.html
/ojspdemos/email/sendmail.jsp
/ojspdemos/fileaccess/beanDownloadExample.jsp
/ojspdemos/fileaccess/beanUploadExample.jsp
/ojspdemos/fileaccess/dbBeanDownloadExample.jsp
/ojspdemos/fileaccess/dbDownloadIndx.html
/ojspdemos/fileaccess/dbTagDownloadExample.jsp
/ojspdemos/fileaccess/dbTagUploadExample.jsp
/ojspdemos/fileaccess/dbUploadIndex.html
/ojspdemos/fileaccess/fileDownloadIndex.html
/ojspdemos/fileaccess/fileUploadIndex.html
/ojspdemos/fileaccess/fileindex.html
/ojspdemos/fileaccess/index.html
/ojspdemos/fileaccess/maxfiles.jsp
/ojspdemos/fileaccess/tagDownloadExample.jsp
/ojspdemos/fileaccess/tagUploadExample.jsp
/ojspdemos/fileaccess/uploadForm.html
/ojspdemos/fileaccess/uploadForm.jsp
/ojspdemos/iterate/index.html
/ojspdemos/iterate/iterateSample.jsp
/ojspdemos/jesi/fragment.jsp
/ojspdemos/jesi/include.jsp
/ojspdemos/jesi/index.html
/ojspdemos/jesi/invalidation.jsp
/ojspdemos/jesi/invalidation2.jsp
/ojspdemos/jesi/personalize.jsp
/ojspdemos/jesi/setup.html
/ojspdemos/jspdynamicws/dynamicws.jsp
/ojspdemos/jspdynamicws/index.html
/ojspdemos/jspwsdemo/Readme.html
/ojspdemos/jspwsdemo/index.html
/ojspdemos/jspwsdemo/wsclient.jsp
/ojspdemos/jspxmlview/index.html
/ojspdemos/jspxmlview/lottoXml.jsp
/ojspdemos/jstl_instructions.html
/ojspdemos/misc/index.html
/ojspdemos/misc/jsptld_11_2_12.xsl
/ojspdemos/ojspext/index.html
/ojspdemos/ojspext/jmltype/index.jsp
/ojspdemos/ojspext/jmltype/synopsis.htm
/ojspdemos/ojspext/jspscope/scope.jsp
/ojspdemos/ojspext/jspscope/synopsis.htm
/ojspdemos/oracle-standard.ear
/ojspdemos/personalization/index.html
/ojspdemos/personalization/recommend.jsp
/ojspdemos/personalization/record.jsp
/ojspdemos/personalization/setup.html
/ojspdemos/personalization/stateless.jsp
/ojspdemos/personalization/tagdemodriver.jsp
/ojspdemos/servlet/ViewSrc/WEB-INF/iteratetag.tld
/ojspdemos/servlet/ViewSrc/basic/hellouser/hellouser.jsp
/ojspdemos/servlet/ViewSrc/basic/hellouser/hellouser_jml.jsp
/ojspdemos/servlet/ViewSrc/basic/info/info.jsp
/ojspdemos/servlet/ViewSrc/basic/jspstore/cart.jsp
/ojspdemos/servlet/ViewSrc/basic/jspstore/index.jsp
/ojspdemos/servlet/ViewSrc/basic/lottery/lotto.jsp
/ojspdemos/servlet/ViewSrc/basic/simple/usebean.jsp
/ojspdemos/servlet/ViewSrc/basic/simple/welcome.jsp
/ojspdemos/servlet/ViewSrc/basic/simple/welcomeuser.jsp
/ojspdemos/servlet/ViewSrc/cache/fs/added.jsp
/ojspdemos/servlet/ViewSrc/cache/fs/listitem.jsp
/ojspdemos/servlet/ViewSrc/cache/fs/seeitems.jsp
/ojspdemos/servlet/ViewSrc/cache/objcache/objcache.jsp
/ojspdemos/servlet/ViewSrc/cache/ocs/added.jsp
/ojspdemos/servlet/ViewSrc/cache/ocs/listitem.jsp
/ojspdemos/servlet/ViewSrc/cache/ocs/seeitems.jsp
/ojspdemos/servlet/ViewSrc/cache/servletcode.jsp
/ojspdemos/servlet/ViewSrc/cache/tagcode.jsp
/ojspdemos/servlet/ViewSrc/cache/xmldomcache.jsp
/ojspdemos/servlet/ViewSrc/demoUtil.jsp
/ojspdemos/servlet/ViewSrc/ejbtags/iterate.jsp
/ojspdemos/servlet/ViewSrc/ejbtags/usebean.jsp
/ojspdemos/servlet/ViewSrc/ejbtags/usebeanlocal.jsp
/ojspdemos/servlet/ViewSrc/email/sendmail.jsp
/ojspdemos/servlet/ViewSrc/fileaccess/beanDownloadExample.jsp
/ojspdemos/servlet/ViewSrc/fileaccess/beanUploadExample.jsp
/ojspdemos/servlet/ViewSrc/fileaccess/dbBeanDownloadExample.jsp
/ojspdemos/servlet/ViewSrc/fileaccess/dbBeanUploadExample.jsp
/ojspdemos/servlet/ViewSrc/fileaccess/dbTagDownloadExample.jsp
/ojspdemos/servlet/ViewSrc/fileaccess/dbTagUploadExample.jsp
/ojspdemos/servlet/ViewSrc/fileaccess/maxfiles.jsp
/ojspdemos/servlet/ViewSrc/fileaccess/tagDownloadExample.jsp
/ojspdemos/servlet/ViewSrc/fileaccess/tagUploadExample.jsp
/ojspdemos/servlet/ViewSrc/fileaccess/uploadForm.html
/ojspdemos/servlet/ViewSrc/fileaccess/uploadForm.jsp
/ojspdemos/servlet/ViewSrc/iterate/iterateSample.jsp
/ojspdemos/servlet/ViewSrc/jesi/fragment.jsp
/ojspdemos/servlet/ViewSrc/jesi/include.jsp
/ojspdemos/servlet/ViewSrc/jesi/invalidation.jsp
/ojspdemos/servlet/ViewSrc/jesi/invalidation2.jsp
/ojspdemos/servlet/ViewSrc/jesi/personalize.jsp
/ojspdemos/servlet/ViewSrc/jspdynamicws/dynamicws.jsp
/ojspdemos/servlet/ViewSrc/jspwsdemo/wsclient.jsp
/ojspdemos/servlet/ViewSrc/jspxmlview/lottoXml.jsp
/ojspdemos/servlet/ViewSrc/ojspext/jmltype/index.jsp
/ojspdemos/servlet/ViewSrc/ojspext/jspscope/scope.jsp
/ojspdemos/servlet/ViewSrc/personalization/endsession.jsp
/ojspdemos/servlet/ViewSrc/personalization/evaluateitem.jsp
/ojspdemos/servlet/ViewSrc/personalization/getcrosssellrecommendations.jsp
/ojspdemos/servlet/ViewSrc/personalization/getrecsasnext.jsp
/ojspdemos/servlet/ViewSrc/personalization/getrecsinlist.jsp
/ojspdemos/servlet/ViewSrc/personalization/recommend.jsp
/ojspdemos/servlet/ViewSrc/personalization/record.jsp
/ojspdemos/servlet/ViewSrc/personalization/recorddemographic.jsp
/ojspdemos/servlet/ViewSrc/personalization/recordnavigation.jsp
/ojspdemos/servlet/ViewSrc/personalization/recordpurchase.jsp
/ojspdemos/servlet/ViewSrc/personalization/recordrating.jsp
/ojspdemos/servlet/ViewSrc/personalization/removedemographicrecord.jsp
/ojspdemos/servlet/ViewSrc/personalization/removenavigationrecord.jsp
/ojspdemos/servlet/ViewSrc/personalization/removepurchaserecord.jsp
/ojspdemos/servlet/ViewSrc/personalization/removeratingrecord.jsp
/ojspdemos/servlet/ViewSrc/personalization/selectfromhpasnext.jsp
/ojspdemos/servlet/ViewSrc/personalization/selectfromhpinlist.jsp
/ojspdemos/servlet/ViewSrc/personalization/setvisitortocustomer.jsp
/ojspdemos/servlet/ViewSrc/personalization/stateless.jsp
/ojspdemos/servlet/ViewSrc/personalization/stateless_close.jsp
/ojspdemos/servlet/ViewSrc/personalization/stateless_get.jsp
/ojspdemos/servlet/ViewSrc/personalization/tagdemodriver.jsp
/ojspdemos/servlet/ViewSrc/sql/bean/ConnBeanDemo.jsp
/ojspdemos/servlet/ViewSrc/sql/bean/ConnCacheBeanDemo.jsp
/ojspdemos/servlet/ViewSrc/sql/bean/CursorBeanDemo.jsp
/ojspdemos/servlet/ViewSrc/sql/bean/DBBeanDemo.jsp
/ojspdemos/servlet/ViewSrc/sql/jdbc/ConnCache1.jsp
/ojspdemos/servlet/ViewSrc/sql/jdbc/ConnCache2.jsp
/ojspdemos/servlet/ViewSrc/sql/jdbc/JDBCQuery.jsp
/ojspdemos/servlet/ViewSrc/sql/jdbc/SimpleQuery.jsp
/ojspdemos/servlet/ViewSrc/sql/jdbc/UseHtmlQueryBean.jsp
/ojspdemos/servlet/ViewSrc/sql/jdbc/setupcache.jsp
/ojspdemos/servlet/ViewSrc/sql/sqlj/SQLJIterator.sqljsp
/ojspdemos/servlet/ViewSrc/sql/sqlj/SQLJSelectInto.sqljsp
/ojspdemos/servlet/ViewSrc/sql/tag/sample1.jsp
/ojspdemos/servlet/ViewSrc/sql/tag/sample10.jsp
/ojspdemos/servlet/ViewSrc/sql/tag/sample11.jsp
/ojspdemos/servlet/ViewSrc/sql/tag/sample2.jsp
/ojspdemos/servlet/ViewSrc/sql/tag/sample3.jsp
/ojspdemos/servlet/ViewSrc/sql/tag/sample4.jsp
/ojspdemos/servlet/ViewSrc/sql/tag/sample5.jsp
/ojspdemos/servlet/ViewSrc/sql/tag/sample6.jsp
/ojspdemos/servlet/ViewSrc/sql/tag/sample7.jsp
/ojspdemos/servlet/ViewSrc/sql/tag/sample8.jsp
/ojspdemos/servlet/ViewSrc/sql/tag/sample9.jsp
/ojspdemos/servlet/ViewSrc/sql/tag/style/rowset.xsl
/ojspdemos/servlet/ViewSrc/src/Oracle/j2ee/ws/client/impl/WSClientBean.java
/ojspdemos/servlet/ViewSrc/src/Oracle/jsp/sample/event/PageEventDispatcher.java
/ojspdemos/servlet/ViewSrc/src/caTraffic/bean/CATrafficServiceProxy.java
/ojspdemos/servlet/ViewSrc/src/demoPkg/DemoCacheServlet.java
/ojspdemos/servlet/ViewSrc/src/ejbdemo/DemoEntity.java
/ojspdemos/servlet/ViewSrc/src/ejbdemo/DemoEntityEJB.java
/ojspdemos/servlet/ViewSrc/src/ejbdemo/DemoEntityHome.java
/ojspdemos/servlet/ViewSrc/src/ejbdemo/DemoSession.java
/ojspdemos/servlet/ViewSrc/src/ejbdemo/DemoSessionEJB.java
/ojspdemos/servlet/ViewSrc/src/ejbdemo/DemoSessionHome.java
/ojspdemos/servlet/ViewSrc/src/ejbdemo/DemoSessionLocal.java
/ojspdemos/servlet/ViewSrc/src/ejbdemo/DemoSessionLocalEJB.java
/ojspdemos/servlet/ViewSrc/src/ejbdemo/DemoSessionLocalHome.java
/ojspdemos/servlet/ViewSrc/src/examples/ExampleLoopTag.java
/ojspdemos/servlet/ViewSrc/src/examples/ExampleLoopTagTEI.java
/ojspdemos/servlet/ViewSrc/src/examples/RStrArray.java
/ojspdemos/servlet/ViewSrc/src/examples/StrArray.java
/ojspdemos/servlet/ViewSrc/src/examples/WStrArray.java
/ojspdemos/servlet/ViewSrc/src/exampletag.tld
/ojspdemos/servlet/ViewSrc/src/oracle/j2ee/ws/client/impl/WSClientBean.java
/ojspdemos/servlet/ViewSrc/src/oracle/taglib/IterateTag.java
/ojspdemos/servlet/ViewSrc/src/test-policy.cpd
/ojspdemos/servlet/ViewSrc/trafficCA/CATraffic.jsp
/ojspdemos/servlet/ViewSrc/wstags/desc.html
/ojspdemos/servlet/ViewSrc/wstags/dynamicws.jsp
/ojspdemos/servlet/ViewSrc/xml/helloxml/hello.jsp
/ojspdemos/servlet/ViewSrc/xml/helloxml/style/hello.xsl
/ojspdemos/servlet/ViewSrc/xml/xmldom/xmldom.jsp
/ojspdemos/servlet/ViewSrc/xml/xmlquery/XMLQuery.jsp
/ojspdemos/setup.html
/ojspdemos/sql/bean/ConnBeanDemo.jsp
/ojspdemos/sql/bean/ConnCacheBeanDemo.jsp
/ojspdemos/sql/bean/CursorBeanDemo.jsp
/ojspdemos/sql/bean/DBBeanDemo.jsp
/ojspdemos/sql/bean/index.html
/ojspdemos/sql/index.jsp
/ojspdemos/sql/jdbc/ConnCache1.jsp
/ojspdemos/sql/jdbc/ConnCache2.jsp
/ojspdemos/sql/jdbc/JDBCQuery.jsp
/ojspdemos/sql/jdbc/SimpleQuery.jsp
/ojspdemos/sql/jdbc/UseHtmlQueryBean.jsp
/ojspdemos/sql/jdbc/index.html
/ojspdemos/sql/sqlj/SQLJIterator.sqljsp
/ojspdemos/sql/sqlj/SQLJSelectInto.sqljsp
/ojspdemos/sql/sqlj/index.html
/ojspdemos/sql/tag/index.html
/ojspdemos/sql/tag/indx3.html
/ojspdemos/sql/tag/sample1.jsp
/ojspdemos/sql/tag/sample10.jsp
/ojspdemos/sql/tag/sample11.jsp
/ojspdemos/sql/tag/sample2.jsp
/ojspdemos/sql/tag/sample3.jsp
/ojspdemos/sql/tag/sample4.jsp
/ojspdemos/sql/tag/sample5.jsp
/ojspdemos/sql/tag/sample6.jsp
/ojspdemos/sql/tag/sample7.jsp
/ojspdemos/sql/tag/sample8.jsp
/ojspdemos/sql/tag/sample9.jsp
/ojspdemos/sql/tag/taglib.html
/ojspdemos/trafficCA/CATraffic.jsp
/ojspdemos/trafficCA/index.html
/ojspdemos/wstags/dynamicws.jsp
/ojspdemos/wstags/index.html
/ojspdemos/xml/helloxml/hello.jsp
/ojspdemos/xml/helloxml/index.html
/ojspdemos/xml/index.html
/ojspdemos/xml/xmldom/index.html
/ojspdemos/xml/xmldom/xmldom.jsp
/ojspdemos/xml/xmlquery/XMLQuery.jsp
/ojspdemos/xml/xmlquery/index.html
/ojspdemos/xss.html
/onlineorders/main.jsp
/onlineorders/signon.jsp
/onlineorders_html/
/oprocmgr-service
/oprocmgr-status
/oracle
/oracle/
/oradata/
/orasso
/orasso/
/orasso/orasso.home
/ord/
/oui/
/owa_util.cellsprint
/owa_util.listprint
/owa_util.show_query_columns
/owa_util.showsoucre
/owa_util.showsource
/owm/
/ows-bin/
/ows-bin/admin_/
/ows-bin/admin_/cache.htm
/ows-bin/admin_/dadentries.htm
/ows-bin/admin_/gateway.htm
/ows-bin/admin_/globalsettings.htm
/ows-bin/app
/ows-bin/app/admin_/
/ows-bin/banking/
/ows-bin/banking/admin_/
/ows-bin/cartx/owa
/ows-bin/cartx/owa/admin_/
/ows-bin/dad
/ows-bin/dad/admin_/
/ows-bin/db
/ows-bin/db/admin_/
/ows-bin/htmldb
/ows-bin/htmldb/admin_/
/ows-bin/myDAD
/ows-bin/myapp
/ows-bin/myapp/admin_/
/ows-bin/mydad
/ows-bin/mydad/admin_/
/ows-bin/online
/ows-bin/online/admin_/
/ows-bin/orasso
/ows-bin/orasso/admin_/
/ows-bin/owa
/ows-bin/owa/admin_/
/ows-bin/ows-binqlapp
/ows-bin/ows-binqlapp/admin_/
/ows-bin/perlidlc.bat?&di
/ows-bin/portal
/ows-bin/portal/admin_/
/ows-bin/portal2
/ows-bin/portal2/admin_/
/ows-bin/portal30
/ows-bin/portal30/admin_/
/ows-bin/portal306
/ows-bin/portal306/admin_/
/ows-bin/portal309
/ows-bin/portal309/admin_/
/ows-bin/portal30_sso
/ows-bin/portal30_sso/admin_/
/ows-bin/qa
/ows-bin/qa/admin_/
/ows-bin/real
/ows-bin/real/admin_/
/ows-bin/sample
/ows-bin/sample/admin_/
/ows-bin/simpledad
/ows-bin/simpledad/admin_/
/ows-bin/simpledad/sample.home
/ows-bin/ssodad
/ows-bin/ssodad/admin_/
/ows-bin/test/admin_/
/perl
/perl-status
/perl/
/perl/printenv
/petstore
/pls
/pls/
/pls/Workflow/wfa_html.home
/pls/admin
/pls/admin_/gateway.htm
/pls/admin_/globalsettings.htm
/pls/admin_/help/..%255Cplsql.conf
/pls/admin_help/%252F..%252Fplsql.conf
/pls/apex
/pls/banking/account.welcome
/pls/bookstore
/pls/bookstore/books.search
/pls/cartx/owa
/pls/cartx/owa/admin_/
/pls/cfg/admin_
/pls/classic/admin_/cache.htm
/pls/classic/admin_/dadentries.htm
/pls/classic/admin_/gateway.htm
/pls/classic/admin_/globalsettings.htm
/pls/cs_wf/wfa_html.home
/pls/help/
/pls/htmldb
/pls/htmldb/apex_admin
/pls/htmldb/htmldb
/pls/ldc/admin_/
/pls/myapp
/pls/myapp/admin_/
/pls/mydad
/pls/mydad/admin_/
/pls/orasso
/pls/orasso/admin_/
/pls/orasso/orasso.home
/pls/orasso/orasso.wwsso_app_admin.ls_login
/pls/plsqlapp
/pls/plsqlapp/admin_/
/pls/portal
/pls/portal/admin_/
/pls/portal/null
/pls/portal/owa_util.cellsprint
/pls/portal/owa_util.cellsprint?p_theQuery=select
/pls/portal/owa_util.listprint
/pls/portal/owa_util.show_query_columns
/pls/portal/owa_util.showsoucre
/pls/portal/owa_util.signature
/pls/portal30
/pls/portal30/admin_/
/pls/portal306
/pls/portal306/admin_/
/pls/portal309
/pls/portal309/admin_/
/pls/portal30_sso
/pls/portal30_sso/admin_/
/pls/prod/fnd_web.ping
/pls/qa
/pls/qa/admin_/
/pls/real
/pls/real/admin_/
/pls/register/account.welcome
/pls/register/reg.signup
/pls/sample
/pls/sample/admin_/
/pls/sample/admin_/help/..%255cplsql.conf
/pls/simpledad
/pls/simpledad/admin_/
/pls/simpledad/admin_/adddad.htm?%3CADVANCEDDAD%3E
/pls/simpledad/admin_/gateway.htm?schema=sample
/pls/simpledad/admin_/globalsettings.htm
/pls/ssodad
/pls/ssodad/admin_/
/pls/test
/pls/test/admin_/
/pls/wf/wf_demo.home
/pls/wf/wfa_html.home
/pls/wfa/wfa_html.home
/plsql/
/plsqlapp
/plsqlapp/
/portal
/portal/
/portal/page
/portal/pls/portal
/portal30
/portal306
/portal309
/portal30_sso
/portalTools/
/portalTools/omniPortlet/providers/omniPortlet
/portalTools/sample/providers/omniPortletSample
/portalTools/webClipping/providers/webClipping
/portlist
/precomp/
/printenv
/ptg/rm
/ptg_upgrade_pkg.log
/qa
/rdbms/
/real
/recomp_exit.dyn
/relnotes
/repdemo/index.html
/repdemo/runJSPIAS.html
/repdemo/runrepIAS.html
/reports/examples/Tools/test.jsp
/reports/rwservlet
/reports/rwservlet 
/reports/rwservlet/delauth
/reports/rwservlet/getserverinfo
/reports/rwservlet/getserverinfo 
/reports/rwservlet/help?command=delauth
/reports/rwservlet/help?command=getjobid
/reports/rwservlet/help?command=getserverinfo
/reports/rwservlet/help?command=help
/reports/rwservlet/help?command=killengine
/reports/rwservlet/help?command=killjobid
/reports/rwservlet/help?command=parsequery
/reports/rwservlet/help?command=showauth
/reports/rwservlet/help?command=showenv
/reports/rwservlet/help?command=showjobid
/reports/rwservlet/help?command=showjobs
/reports/rwservlet/help?command=showmyjobs
/reports/rwservlet/killengine
/reports/rwservlet/killjobid
/reports/rwservlet/parsequery
/reports/rwservlet/showauth
/reports/rwservlet/showenv
/reports/rwservlet/showjobid
/reports/rwservlet/showjobs
/reports/rwservlet/showmap
/reports/rwservlet/showmyjobs
/reports/rwservlet?server=repserv+report=/tmp/hacker.rdf+destype=cache+desformat=PDF
/richtextportlet/info
/root.sh
/ruleauthor
/ruleauthor/
/runqianprovider/providers/
/sample
/sejb_webservices
/sejb_webservices/HelloService
/server-info
/server-status
/servlet
/servlet/BBoardServlet
/servlet/ConfigServlet
/servlet/CookieExample
/servlet/Counter
/servlet/DMSDump
/servlet/DateServlet
/servlet/HelloWorldExample
/servlet/HelloWorldServlet
/servlet/IsCacheWorking
/servlet/IsItWorking
/servlet/IsItWorking/
/servlet/Oracle.xml.xsql.XSQLServlet/soapdocs/webapps/soap/WEB-INF/config/soapConfig.xml
/servlet/Oracle.xml.xsql.XSQLServlet/xsql/lib/XSQLConfig.xml
/servlet/RedirectServlet
/servlet/RequestHeaderExample
/servlet/RequestInfoExample
/servlet/RequestParamExample
/servlet/SessionExample
/servlet/SessionServlet
/servlet/SimpleServlet
/servlet/SnoopServlet
/servlet/Spy
/servlet/ToJSPServlet
/servlet/ViewSrc
/servlet/ViewSrc/*
/servlet/f60servlet
/servlet/oracle.xml.xsql.XSQLServlet/soapdocs/webapps/soap/WEB-INF/config/soapConfig.xml
/servlet/oracle.xml.xsql.XSQLServlet/xsql/lib/XSQLConfig.xml
/servlet/servletToJsp
/servlets/weboam/oam/oamLogin
/shutdown
/simple
/simpledad
/slax
/slax/
/snoop.jsp
/snp
/soap/
/soap/admin
/soap/admin/providermanager
/soap/admin/servicemanager
/soap/admin/servlet/soaprouter
/soap/servlet/Spy
/soap/servlet/soaprouter
/soapConfig.xml
/soapbuilder/
/soapbuilder/r2/InteropTest
/soapdocs/
/soapdocs/ReleaseNotes.html
/soapdocs/webapps/soap/
/soapdocs/webapps/soap/WEB-INF/config/soapConfig.xml
/sqlj
/sqlj/
/sqlnet.log
/sqlplus
/sqlplus/
/srvm
/srvm/
/sso
/sso/
/sso/jsp/login.jsp
/ssodad
/statefuldocws
/statelessdocws
/stressH
/syndication/
/sysman/
/sysman/reporting/
/system
/temp/
/test
/test/
/testru
/testunit
/text/
/tictactoe
/tmp/
/transtrace
/true
/uddi/
/uddi/admin
/uddi/demo/jsp/searchForm.jsp
/uddi/inquiry
/uddi/publishing
/uddirepl/admin/wallet
/uddirepl/replication
/uix/
/uixi
/ultrasearch/
/ultrasearch/admin/control/login.jsp
/ultrasearch/admin/index.jsp
/ultrasearch/query/
/ultrasearch/query/9i/gsearch.jsp
/ultrasearch/query/9i/mail.jsp
/ultrasearch/query/mail.jsp
/ultrasearch/query/search.jsp
/ultrasearch/query/tag/tsearch.jsp
/ultrasearch/query/usearch.jsp
/upgrade/
/usebean.jsp
/utility
/wcs/
/web-inf/config.xml
/web_services
/webapp
/webapp/
/webapp/admin/
/webapp/admin/_pages/_bc4jadmin/
/webapp/admin/bc4jadmin.htm
/webapp/admin/showbc4jrtdetails.jsp
/webapp/admin/showpooldetails.jsp
/webapp/admin/showsessiondetails.jsp
/webapp/cabo/
/webapp/css/
/webapp/images/
/webapp/jsimages/
/webapp/jsp/
/webapp/jsp/calendar.jsp
/webapp/jsp/container_tabs.jsp
/webapp/wm/bc4j.jsp
/webapp/wm/javart.jsp
/webapp/wm/runtime.jsp
/webcache/
/webcache/WebCacheDemo.html
/webcache/webcache.xml
/webcacheadmin
/webcalendar/
/webservices/
/webservices/beanTest
/webservices/statefulTest
/webservices/statelessTest
/webservices1/
/webservices1/javacallin
/webservices1/sqlstatement
/webtools/
/welcomeuser.jsp
/wireless/
/wm
/xdk/
/xdk/doc/index.html
/xdk/java/xsql/readme.html
/xsql/
/xsql/adhocsql/query.xsql
/xsql/adhocsql/sqltoxml.html
/xsql/airport/airport.htm
/xsql/airport/airport.xsql
/xsql/airport/airportSoap.html
/xsql/classerr/invalidclasses.xsql
/xsql/demo/adhocsql/query.xsql
/xsql/demo/adhocsql/query.xsql?sql=select%20username%20from%20ALL_USERS
/xsql/demo/airport/airport.xsql
/xsql/document/docdemo.html
/xsql/doyouxml/doyouxml.xsql
/xsql/emp/emp.xsql
/xsql/empdept/empdept.xsql
/xsql/helloworld/helloworld.xsql
/xsql/insclaim/xsqlov.htm
/xsql/insertxml/newsstorydemo.html
/xsql/java/xsql/demo/adhocsql/query.xsql
/xsql/java/xsql/demo/insertxml/newsstorydemo.html
/xsql/java/xsql/demo/uri/uridemo.html
/xsql/lib/XSQLConfig.xml
/xsql/svg/svgdemo.html
/ROOT
/add
/balancer
/dav
/deploy
/examples
/examples/jsp/index.html
/examples/jsp/snp/snoop.jsp
/examples/jsp/source.jsp
/examples/servlet/HelloWorldExample
/examples/servlet/SnoopServlet
/examples/servlet/TroubleShooter
/examples/servlet/default/jsp/snp/snoop.jsp
/examples/servlet/default/jsp/source.jsp
/examples/servlet/org.apache.catalina.INVOKER.HelloWorldExample
/examples/servlet/org.apache.catalina.INVOKER.SnoopServlet
/examples/servlet/org.apache.catalina.INVOKER.TroubleShooter
/examples/servlet/org.apache.catalina.servlets.DefaultServlet/jsp/snp/snoop.jsp
/examples/servlet/org.apache.catalina.servlets.DefaultServlet/jsp/source.jsp
/examples/servlet/org.apache.catalina.servlets.WebdavServlet/jsp/snp/snoop.jsp
/examples/servlet/org.apache.catalina.servlets.WebdavServlet/jsp/source.jsp
/examples/servlet/snoop
/examples/servlets/index.html
/host-manager
/host-manager/add
/host-manager/host-manager.xml
/host-manager/html/*
/host-manager/list
/host-manager/remove
/host-manager/start
/host-manager/stop
/html/*
/install
/j4p
/jmxproxy/*
/jsp-examples
/list
/manager
/manager/deploy
/manager/html
/manager/html/*
/manager/install
/manager/jmxproxy
/manager/jmxproxy/*
/manager/list
/manager/manager.xml
/manager/reload
/manager/remove
/manager/resources
/manager/roles
/manager/save
/manager/serverinfo
/manager/sessions
/manager/start
/manager/status.xsd
/manager/status/*
/manager/stop
/manager/undeploy
/reload
/remove
/resources
/roles
/save
/serverinfo
/servlet/default/
/servlet/org.apache.catalina.INVOKER.org.apache.catalina.servlets.DefaultServlet/tomcat.gif
/servlet/org.apache.catalina.INVOKER.org.apache.catalina.servlets.SnoopAllServlet
/servlet/org.apache.catalina.INVOKER.org.apache.catalina.servlets.WebdavServlet/
/servlet/org.apache.catalina.servlets.DefaultServlet/
/servlet/org.apache.catalina.servlets.DefaultServlet/tomcat.gif
/servlet/org.apache.catalina.servlets.HTMLManagerServlet
/servlet/org.apache.catalina.servlets.InvokerServlet/org.apache.catalina.servlets.DefaultServlet/tomcat.gif
/servlet/org.apache.catalina.servlets.InvokerServlet/org.apache.catalina.servlets.SnoopAllServlet
/servlet/org.apache.catalina.servlets.ManagerServlet
/servlet/org.apache.catalina.servlets.SnoopAllServlet
/servlet/org.apache.catalina.servlets.WebdavServlet/
/servlets-examples
/sessions
/start
/status/*
/stop
/tomcat-docs
/undeploy
/webdav
/webdav/index.html
/webdav/servlet/org.apache.catalina.servlets.WebdavServlet/
/webdav/servlet/webdav/
/*
/*.gif
/*.gif/
/*.html
/*.jsp
/*.jsp/
/*.jws
/*.portal
/*.portion
/*.portlet
/*.shtml/
/Admin
/AdminCaptureRootCA
/AdminClients
/AdminConnections
/AdminEvents
/AdminJDBC
/AdminLicense
/AdminMain
/AdminProps
/AdminRealm
/AdminThreads
/AdminVersion
/BizTalkServer
/Bootstrap
/Certificate
/Classpath/
/ConsoleHelp
/ConsoleHelp/
/DefaultWebApp
/DeploymentService
/FileServlet
/HTTPClntClose
/HTTPClntClose/*
/HTTPClntLogin
/HTTPClntLogin/*
/#HTTPClntRecv
/HTTPClntRecv/*
/HTTPClntSend
/HTTPClntSend/*
/JspServlet
/LogfileSearch
/LogfileTail
/Login.jsp
/MANIFEST.MF
/META-INF
/Samples
/SamplesSearchWebApp
/Shutdown
/Shutdown/*
/SimpappServlet
/SimpleClientJws
/SimpleClientProviderImpl
/StockServlet
/T3AdminMain
/UniversityServlet
/WEB-INF
/WEB-INF./web.xml
/WEB-INF/web.xml
/WLDummyInitJVMIDs
/WebServiceServlet
/_async
/_async/*
/_async/AsyncResponseService
/_async/AsyncResponseServiceHttps
/_async/AsyncResponseServiceJms
/_async/AsyncResponseServiceSoap12
/_async/AsyncResponseServiceSoap12Https
/_async/AsyncResponseServiceSoap12Jms
/_tmp_war
/_tmp_war_DefaultWebApp
/a2e2gp2r2/*
/a2e2gp2r2/x.jsp
/accessor
/actions
/admin/login.do
/applet
/applications
/appmanager/*
/asyncServlet
/asyncServlet/main.jsp
/asyncServlet/receive
/asyncServlet/send
/authenticatedy
/bea-guardian-agent
/bea-guardian-agent/
/bea-guardian-agent/DeployServlet
/bea-guardian-agent/test.jsp
/bea-guardian-agent/version
/bea_wls9_async_response
/bea_wls_async_response
/bea_wls_cluster_internal
/bea_wls_cluster_internal/0056FABC093BDF49C8AE091F74400598
/bea_wls_cluster_internal/a2e2gp2r2/*
/bea_wls_cluster_internal/psquare/*
/bea_wls_deployment_internal
/bea_wls_deployment_internal/*
/bea_wls_deployment_internal/DeploymentService
/bea_wls_diagnostics
/bea_wls_diagnostics/*
/bea_wls_diagnostics/accessor
/bea_wls_internal
/bea_wls_internal/
/bea_wls_internal/*
/bea_wls_internal/HTTPClntClose
/bea_wls_internal/HTTPClntClose/*
/bea_wls_internal/HTTPClntLogin
/bea_wls_internal/HTTPClntLogin/*
/#bea_wls_internal/HTTPClntRecv
/#bea_wls_internal/HTTPClntRecv/*
/bea_wls_internal/HTTPClntSend
/bea_wls_internal/HTTPClntSend/*
/bea_wls_internal/WLDummyInitJVMIDs
/bea_wls_internal/WebServiceServlet
/bea_wls_internal/a2e2gp2r2/x.jsp
/bea_wls_internal/classes/
/bea_wls_internal/classes/ 
/bea_wls_internal/classes/*
/bea_wls_internal/classes/META-INF/MANIFEST.MF
/bea_wls_internal/com/*
/bea_wls_internal/getior
/bea_wls_internal/getior/*
/bea_wls_internal/iiop/ClientClose
/bea_wls_internal/iiop/ClientClose/*
/bea_wls_internal/iiop/ClientLogin
/bea_wls_internal/iiop/ClientLogin/*
/#bea_wls_internal/iiop/ClientRecv
/#bea_wls_internal/iiop/ClientRecv/*
/bea_wls_internal/iiop/ClientSend
/bea_wls_internal/iiop/ClientSend/*
/bea_wls_internal/psquare/x.jsp
/bea_wls_management_internal2
/bea_wls_management_internal2/Bootstrap
/bea_wls_management_internal2/wl_management
/bea_wls_remote_deployer
/beanManaged
/certificate
/classes
/classes/
/classes/*
/classes/META-INF/MANIFEST.MF
/com
/com.acumenat.uddi.server.http.UDDIListenerServlet
/com.bea.guardian.agent.VersionServlet
/com.bea.guardian.agent.weblogic.DeployServlet
/com.bea.guardian.agent.weblogic.DispatchServlet
/com/*
/cometd/*
/common
/config
/console
/console-help
/console-help/doc/*
/console-help/doc/en-us/com/bea/wlserver/core/index.html
/console-help/help/*
/console-help/online_search/*
/console/login/LoginForm.jsp
/consoleapp
/consolehelp
/consolehelp/console-help.portal
/consolehelp/index.jsp
/cookies
/default
/docs
/docs/SamplesSearchServlet/*
/docs/core/index.html
/docs/index.html
/docs51
/domain
/drp-exports
/drp-publish
/dummy
/e2ePortalProject/Login.portal
/ejb
/ejb20BeanMged
/ejb20BeanMgedEar
/ejb20_beanManaged
/ejb30
/ejbSimpappServlet
/error
/examplesWebApp
/examplesWebApp/*
/examplesWebApp/ConnectorServlet
/examplesWebApp/EJBeanManagedClient.jsp
/examplesWebApp/InteractiveQuery.jsp
/examplesWebApp/OrderParser.jsp?xmlfile=C:/bea/weblogic81/samples/server/examples/src/examples/xml/orderParser/order.xml
/examplesWebApp/SSLClientServlet
/examplesWebApp/SenderServlet
/examplesWebApp/SessionServlet
/examplesWebApp/Shutdown -> 401
/examplesWebApp/SimpleSqlServlet
/examplesWebApp/WebservicesEJB.jsp
/examplesWebApp/Wsdl2Service.jsp
/examplesWebApp/docs -> /docs
/examplesWebApp/docs/
/examplesWebApp/domains
/examplesWebApp/examples
/examplesWebApp/examples/src/examples/copyright.html
/examplesWebApp/images
/examplesWebApp/index.jsp
/examplesWebApp/medrec
/examplesWebApp/server
/ext_servlet_annotations
/ext_servlet_annotations/loginForm.jsp
/ext_servlet_annotations/session
/fast_track.html
/fault
/file
/file/
/fileRealm
/fileRealm.properties
/framework/skeletons/console/*
/framework/skeletons/console/css/*
/framework/skeletons/console/js/*
/getior
/getior/*
/graphics
/helloKona
/helloWebApp
/helloWebApp/hello.html
/helloWebApp/hello.jsp
/helloWorld
/iiop/ClientClose
/iiop/ClientClose/*
/iiop/ClientLogin
/iiop/ClientLogin/*
/iiop/ClientRecv
/iiop/ClientRecv/*
/iiop/ClientSend
/iiop/ClientSend/*
/images
/images/*
/index
/index.jsp
/internal
/jdbcRowSets
/jdbcRowSetsEar
/jdbc_rowsets
/jmssender
/jmstrader
/jsp/*
/jspSimpleTag
/jspSimpleTagEar
/jspbuild
/jws_basic_simple
/jws_basic_simple/SimpleService
/jwsdir
/login.jsp
/mainWebApp
/manifest.mf
/mapping
/mejb
/mydomain
/myservlet
/org.apache.beehive.netui.pageflow.PageFlowActionServlet
/org.apache.beehive.netui.pageflow.xmlhttprequest.XmlHttpRequestServlet
/page
/patient/login.do
/patient/register.do
/phone
/physican/login.do
/portalAppAdmin/login.jsp
/properties
/proxy
/psquare/*
/psquare/x.jsp
/public_html
/registerServlet
/reviewService
/reviewService/ClientServlet
/reviewService/InterceptorClientServlet
/reviewService/createArtist_service.jsp
/reviewService/dwr/*
/reviewService/index.jsp
/saml2
/samlacs
/samlars
/samlits
/samlits_ba
/samlits_cc
/servlet
/servletimages
/servlets/
/session
/simpapp
/simple
/simpleFormServlet
/snoop
/stock
/stock/*
/stock/data/*
/stock/index.html
/stock/index.jsp
/stock/publisher.html
/stock/publisher.jsp
/survey
/system
/taglib-uri
/uddi
/uddi/*
/uddi/uddilistener
/uddiexplorer
/uddiexplorer/*
/uddiexplorer/Login.jsp
/uddiexplorer/index.jsp
/uddilistener
/user
/utils
/web
/web.xml
/webappCachingEar
/weblogic
/weblogic.cluster.GroupMessageHandlerServlet
/weblogic.cluster.MulticastSessionDataRecoveryServlet
/weblogic.cluster.StateDumpServlet
/weblogic.deploy.service.internal.transport.http.DeploymentServiceServlet
/weblogic.jar
/weblogic.management.servlet.BootstrapServlet
/weblogic.management.servlet.FileDistributionServlet
/weblogic.properties
/weblogic.rjvm.InternalWebAppListener
/weblogic.servlet.AsyncInitServlet
/weblogic.servlet.FileServlet
/weblogic.servlet.JSPClassServlet
/weblogic.testclient.CallbackHandler
/weblogic.wsee.async.AsyncResponseBean
/weblogic.wsee.async.AsyncResponseBeanSoap12
/weblogic.xml
/weblogic90
/webservice
/webservicesJwsSimpleEar
/webshare
/wl_management
/wl_management_internal
/wl_management_internal1
/wl_management_internal1/LogfileSearch
/wl_management_internal1/LogfileTail
/wl_management_internal2
/wl_management_internal2/Admin
/wl_management_internal2/Bootstrap
/wl_management_internal2/FileDistribution
/wl_management_internal2/wl_management
/wliconsole
/wls_utc
/wls_utc/*.do
/wls_utc/*.jpf
/wls_utc/*.render
/wls_utc/*.xhr
/wls_utc/CallbackHandler
/wls_utc/begin.do
/wls_utc/error.jsp
/wls_utc/index.html
/wls_utc/index.jsp
/wls_utc/messageLog.jsp
/wls_utc/selectWsdl.jsp
/wls_utc4
/wlserver
/wlstestclient
/wsee
/xmlBean
/xml_xmlBean
/*
/*.do
/*.jsp
/*.jsv
/*.jsw
/AddressBookJ2WB
/AddressBookJ2WB/*
/AddressBookJ2WE/*.jsp
/AddressBookJ2WE/*.jsv
/AddressBookJ2WE/*.jsw
/AddressBookJ2WE/services/AddressBook
/AddressBookJ2WE/services/AddressBook/wsdl/*
/AddressBookW2JB
/AddressBookW2JB/*
/AddressBookW2JE/*.jsp
/AddressBookW2JE/*.jsv
/AddressBookW2JE/*.jsw
/AddressBookW2JE/services/AddressBook
/AddressBookW2JE/services/AddressBook/wsdl/*
/AlbumCatalogWeb
/AlbumCatalogWeb/*
/AlbumCatalogWeb/docs/*
/AlbumCatalogWeb/docsservlet
/AlbumCatalogWeb/docsservlet/*
/AlbumCatalogWebservlet
/AlbumCatalogWebservlet/*
/AppInstallStatusServlet
/AppManagementStatus
/AppServer
/ApplicationProfileSample
/ApplicationProfileSample/*
/ApplicationProfileSample/docs/*
/ApplicationProfileSampleservlet
/ApplicationProfileSampleservlet/*
/BBApp
/Bank/*.jsp
/Bank/*.jsv
/Bank/*.jsw
/Bank/services/Transfer_SEI
/Bank/services/Transfer_SEI/wsdl
/Bank/services/Transfer_SEI/wsdl/*
/BeenThere
/ClusterRollout
/ControllerServlet
/DynaCacheESI
/DynaCacheESI/esiInavlidator
/DynamicQuery/EmployeeFinder
/DynamicQuery/EmployeeFinder/*
/DynamicQuery/docs/*
/ErrorPageApp
/ErrorReporter
/ErrorServlet
/FileTransfer
/GalleryMenu
/Greenhouse
/Greenhouse/*
/GreenhouseByWebSphere/docs/*
/GreenhouseEJB/*.jsp
/GreenhouseEJB/*.jsv
/GreenhouseEJB/*.jsw
/GreenhouseEJB/services/GreenhouseFront
/GreenhouseEJB/services/GreenhouseFront/wsdl/*
/GreenhouseWeb
/GreenhouseWeb/*
/GreenhouseWebservlet
/GreenhouseWebservlet/*
/Greenhouseservlet
/Greenhouseservlet/*
/HelloHTML.jsp
/HelloHTMLError.jsp
/HelloPervasive
/HelloVXML.jsp
/HelloVXMLError.jsp
/HelloWML.jsp
/HelloWMLError.jsp
/HelloWorld
/HelloWorldServlet
/HitCount
/HitCount.jsp
/IBMDefaultErrorReporter
/IBMWebAS
/IBM_WS_SYS_RESPONSESERVLET
/IBM_WS_SYS_RESPONSESERVLET/*
/ISCAdminPortlet
/JTAExtensionsSamples/TransactionTracker
/JTAExtensionsSamples/TransactionTracker/*
/JTAExtensionsSamples/docs/*
/MANIFEST.MF
/META-INF
/MessageDrivenBeans/docs/*
/MessageDrivenBeans/docsservlet/*
/MessageMigrationUtility
/OrderProcessorEJB/*
/OrderProcessorEJB/*.jsp
/OrderProcessorEJB/*.jsv
/OrderProcessorEJB/*.jsw
/OrderProcessorEJB/services/FrontGate
/OrderProcessorEJB/services/FrontGate/wsdl/*
/PlantsByWebSphere
/PlantsByWebSphere/*
/PlantsByWebSphere/docs
/SamplesGallery
/SamplesGallery/*
/SimpleServlet
/SnoopServlet
/SourceCodeViewer
/Sourceservlet-classViewer
/StockQuote/*.jsp
/StockQuote/*.jsv
/StockQuote/*.jsw
/StockQuote/services/xmltoday-delayed-quotes
/StockQuote/services/xmltoday-delayed-quotes/wsdl/*
/TechnologySamples/AddressBook
/TechnologySamples/AddressBook/*
/TechnologySamples/AddressBook/*.jsp
/TechnologySamples/AddressBook/*.jsv
/TechnologySamples/AddressBook/*.jsw
/TechnologySamples/AddressBook/AddressBookServlet
/TechnologySamples/AddressBook/servlet/*
/TechnologySamples/BasicCalculator
/TechnologySamples/BasicCalculator/*
/TechnologySamples/BulletinBoard
/TechnologySamples/BulletinBoard/*
/TechnologySamples/BulletinBoardservlet
/TechnologySamples/BulletinBoardservlet/*
/TechnologySamples/Calendar
/TechnologySamples/Calendar/*
/TechnologySamples/FilterServlet
/TechnologySamples/FilterServlet/*
/TechnologySamples/FormLogin
/TechnologySamples/FormLogin/*
/TechnologySamples/FormLoginservlet
/TechnologySamples/FormLoginservlet/*
/TechnologySamples/JAASLogin
/TechnologySamples/JAASLogin/*
/TechnologySamples/JAASLoginservlet
/TechnologySamples/JAASLoginservlet/*
/TechnologySamples/MovieReview
/TechnologySamples/MovieReview/*
/TechnologySamples/MovieReview2_0
/TechnologySamples/MovieReview2_0/*
/TechnologySamples/MovieReview2_1
/TechnologySamples/MovieReview2_1/*
/TechnologySamples/PageReturner
/TechnologySamples/PageReturner/*
/TechnologySamples/PageReturnerservlet
/TechnologySamples/PageReturnerservlet/*
/TechnologySamples/ReadingList
/TechnologySamples/ReadingList/*
/TechnologySamples/SimpleJSP
/TechnologySamples/SimpleJSP/*
/TechnologySamples/SimpleServlet
/TechnologySamples/SimpleServlet/*
/TechnologySamples/Subscription
/TechnologySamples/Subscription/*
/TechnologySamples/Subscriptionservlet
/TechnologySamples/Subscriptionservlet/*
/TechnologySamples/Taglib
/TechnologySamples/Taglib/*
/TechnologySamples/docs
/WEB-INF
/WEB-INF./web.xml
/WEB-INF/web.xml
/WSPolicyManager
/WSsamples
/WSsamples/*
/WSsamples/de
/WSsamples/de/*
/WSsamples/en
/WSsamples/en/*
/WSsamples/es
/WSsamples/es/*
/WSsamples/fr
/WSsamples/fr/*
/WSsamples/index.jsp
/WSsamples/it
/WSsamples/it/*
/WSsamples/ja
/WSsamples/ja/*
/WSsamples/ko
/WSsamples/ko/*
/WSsamples/pt_br
/WSsamples/pt_br/*
/WSsamples/zh_cn
/WSsamples/zh_cn/*
/WSsamples/zh_tw
/WSsamples/zh_tw/*
/WarehouseEJB/*.jsp
/WarehouseEJB/*.jsv
/WarehouseEJB/*.jsw
/WarehouseEJB/services/WarehouseFront
/WarehouseEJB/services/WarehouseFront/wsdl/*
/WarehouseWeb
/WarehouseWeb/*
/WarehouseWebservlet
/WarehouseWebservlet/*
/WebServicesSamples/docs/*
/WebSphere
/WebSphereBank
/WebSphereBank/*
/WebSphereBank/docs/*
/WebSphereBankDeposit
/WebSphereBankDeposit/*
/WebSphereBankDepositservlet
/WebSphereBankDepositservlet/*
/WebSphereBankservlet
/WebSphereBankservlet/*
/WebSphereSamples
/WebSphereSamples.Configuration.config
/WebSphereSamples/
/WebSphereSamples/SingleSamples/AccountAndTransfer/create.html
/WebSphereSamples/SingleSamples/Increment/increment.html
/WebSphereSamples/YourCo/main.html
/WebSphereTPHosts
/_DynaCacheEsi
/_DynaCacheEsi/*
/_DynaCacheEsi/esiInvalidator
/ab/*
/ab/docs/*
/activitysessions/docs/*
/addNodeListener
/admin
/admin-authz.xml
/admin.conf
/admin.passwd
/admin/*
/admin/logon.jsp
/admin/secure/logon.jsp
/apadminred
/apadminred.html
/aphtpasswd.html
/asynchbeans/*
/asynchbeans/docs/*
/auth_error.jsp
/cachemonitor
/cachemonitor/statistics.jsp
/cell.xml
/cells
/cgi-bin
/cgi-bin/
/com.ibm.ws.console.events
/com.ibm.ws.console.events/runtime_messages.jsp
/config
/console
/contentapi
/debug_error.jsp
/ejb3sample/
/enabler
/error
/error.jsp
/esiInavlidator
/estore
/estore/annotated-index.html
/estore/index.html
/estore/populate
/examples
/hello
/helloEJB
/hitcount
/httpd.conf
/i18nctxSample
/i18nctxSample/*
/i18nctxSample/docs/*
/ibm
/ibm/console
/ibm/help
/ibm_security_logout
/icons
/images
/index.html
/index.jsp
/ivt
/ivt/*
/ivt/ivtAddition.jsp
/ivt/ivtDate.jsp
/ivt/ivtejb
/ivt/ivtserver
/ivt/ivtservler
/ivt/ivtservlet
/ivtejb
/ivtserver
/ivtservlet
/j_security_check
/jcr
/jcradmin
/jsp
/login.html
/lwp/imageServlet
/lwp/peopleSearch
/lwp/templatelibraryExport
/lwp/typeAhead
/manual
/manual/index.html
/nb
/node.xml
/nodes
/opc/*.jsp
/opc/*.jsv
/opc/*.jsw
/opc/services/BrokerServiceIntfPort
/opc/services/BrokerServiceIntfPort/wsdl/*
/opc/services/OrderTrackingIntfPort
/opc/services/OrderTrackingIntfPort/wsdl/*
/opc/services/PurchaseOrderIntfPort
/opc/services/PurchaseOrderIntfPort/wsdl/*
/opt
/otis
/petstore
/petstore/*
/ping
/prm
/removeNodeListener
/replication
/resources.xml
/runtime_messages.jsp
/samples/activitysessions
/samples/activitysessions/*
/scheduler
/scheduler/*
/scheduler/docs/*
/scripts
/searchfeed
/secure/downloadFile/*
/securecleanup
/security.xml
/seedlist
/server-info
/server-status
/server.xml
/serverindex.xml
/servers
/servlet
/servlet/*
/servlet/ControllerServlet
/servlet/ErrorReporter
/servlet/HelloPervasiveServlet
/servlet/HelloWorldServlet
/servlet/HitCount
/servlet/SimpleServlet
/servlet/SnoopServlet
/servlet/TheExpiringHTMLServlet
/servlet/WebSphereSamples.Configuration.config
/servlet/WebSphereSamples.Form.FormServlet
/servlet/WebSphereSamples.YourCo.News.NewsServlet
/servlet/aphtpassword
/servlet/com.ibm.as400ad.webfacing.runtime.httpcontroller.ControllerServlet
/servlet/com.ibm.servlet.engine.webapp.DefaultErrorReporter
/servlet/com.ibm.servlet.engine.webapp.InvokerServlet
/servlet/com.ibm.servlet.engine.webapp.SimpleFileServlet
/servlet/com.ibm.servlet.engine.webapp.UncaughtServletException
/servlet/com.ibm.servlet.engine.webapp.WebAppErrorReport
/servlet/com.ibm.websphere.management.wsdm.jaxws.AppServiceGroupService
/servlet/com.ibm.websphere.management.wsdm.jaxws.ApplicationServerService
/servlet/com.ibm.websphere.management.wsdm.jaxws.ApplicationService
/servlet/com.ibm.websphere.management.wsdm.jaxws.DataSourceService
/servlet/com.ibm.websphere.management.wsdm.jaxws.DomainResourcesServiceGroupService
/servlet/com.ibm.websphere.management.wsdm.jaxws.EJBService
/servlet/com.ibm.websphere.management.wsdm.jaxws.J2EEFactoryService
/servlet/com.ibm.websphere.management.wsdm.jaxws.JVMService
/servlet/com.ibm.websphere.management.wsdm.jaxws.JaxrpcWebServiceService
/servlet/com.ibm.websphere.management.wsdm.jaxws.JaxwsWebServiceService
/servlet/com.ibm.websphere.management.wsdm.jaxws.ServiceGroupService
/servlet/com.ibm.websphere.management.wsdm.jaxws.ServletService
/servlet/com.ibm.websphere.management.wsdm.jaxws.WebServiceService
/servlet/com.ibm.websphere.management.wsdm.jaxws.WebSphereClusterService
/servlet/com.ibm.websphere.management.wsdm.jaxws.WebSphereDomainService
/servlet/com.ibm.ws.websvcs.transport.http.AsyncResponseServlet
/servlet/hello
/servlet/ivtEJBClient
/servlet/ivtServer
/servlet/ivtServlet
/servlet/java.lang.Throwable
/servlet/snoop
/servlet/snoop2
/servletcache
/showCfg
/sibstatus
/sibws
/simple.jsp
/simpleJSP
/sm
/snoop
/snoop/*
/snoop2
/soaphttp
/statistics.jsp
/status
/statuspoll
/theme
/tradetheme
/transfer
/uddigui
/uddigui/*
/uddisoap
/uddisoap/*
/uddiv3soap
/variables.xml
/very_simple.jsp
/virtualhosts.xml
/wasPerfTool
/wasPerfTool/*
/wasPerfToolservlet
/wasPerfToolservlet/*
/wasportlet
/web.xml
/webapp
/webapp/examples/ErrorServlet
/webapp/examples/HelloPervasive
/webapp/examples/HitCount
/webapp/examples/SourceCodeViewer
/webapp/examples/login.html
/webapp/examples/ping
/webapp/examples/showCfg
/webapp/examples/showcfg
/webapp/examples/simple.jsp
/webapp/examples/verify
/webexec
/websphere-management
/websphere-management/services/application
/websphere-management/services/application-service-group
/websphere-management/services/applicationserver
/websphere-management/services/datasource
/websphere-management/services/domain-resources-service-group
/websphere-management/services/ejb
/websphere-management/services/factory
/websphere-management/services/jaxrpcwebservices
/websphere-management/services/jaxwswebservices
/websphere-management/services/jvm
/websphere-management/services/service-group
/websphere-management/services/servlet
/websphere-management/services/vm-service-group
/websphere-management/services/webservices
/websphere-management/services/webspherecluster
/websphere-management/services/webspheredomain
/wim
/workarea/*
/workarea/docs/*
/wp_proxy
/wps
/wps/CacheProxyServlet/*
/wps/PA_Add_to_Sam_st_Portlet
/wps/PA_ApplicationCatalog
/wps/PA_Banner_Ad
/wps/PA_BksFinalJSRProject
/wps/PA_Blurb
/wps/PA_Bookmarks
/wps/PA_Clients_Manager
/wps/PA_Community_Port_App
/wps/PA_Credential_Admin
/wps/PA_DoWebAccessServlet
/wps/PA_Document_Viewer
/wps/PA_DynamicUIApp
/wps/PA_Eecontentandlayout
/wps/PA_FS_Disambiguation
/wps/PA_FeedReader
/wps/PA_FrequentUsers
/wps/PA_Groups_Viewer_App
/wps/PA_IBMCommonPIMPort
/wps/PA_Import_XML
/wps/PA_Login_Portlet_App
/wps/PA_LotusNotes
/wps/PA_LtusDocumentViewer
/wps/PA_LusWebConferencing
/wps/PA_MPagesandFavorites
/wps/PA_MageVirtualPortals
/wps/PA_Manage_Webservices
/wps/PA_Markups_Manager
/wps/PA_MosoftExchange2003
/wps/PA_MyTeamspaces
/wps/PA_PTransformationApp
/wps/PA_Palette_Port_App
/wps/PA_ParamConfig
/wps/PA_People_Finder
/wps/PA_People_Picker_App
/wps/PA_PersontagServlet
/wps/PA_PolicyEditor
/wps/PA_PolicyEditorCA
/wps/PA_PolicyExplorer
/wps/PA_Policy_Status
/wps/PA_Portlet_Manager
/wps/PA_Principals_Manager
/wps/PA_Properties
/wps/PA_PropertiesPortApp
/wps/PA_RSS
/wps/PA_Reminder
/wps/PA_ResourceView
/wps/PA_Resource_Manager
/wps/PA_Roles
/wps/PA_SIAPI
/wps/PA_SQL_Query
/wps/PA_SametimeWhoIsHere
/wps/PA_SearchSitemapPort
/wps/PA_Search_Center
/wps/PA_Selfcare_Port_App
/wps/PA_Set_Permissions
/wps/PA_Settings
/wps/PA_SmetimeContactList
/wps/PA_TCustomizerPortApp
/wps/PA_TateCatalogPortApp
/wps/PA_ThemesAndSkinsMgr
/wps/PA_Tracing
/wps/PA_URL_mapping
/wps/PA_UniqueNames
/wps/PA_WCMLocalRendering
/wps/PA_WCM_Admin
/wps/PA_WCM_Authoring_UI
/wps/PA_WPS_Welcome
/wps/PA_Web
/wps/PA_WebScanner
/wps/PA_appearance
/wps/PA_dynamicpersontag
/wps/PA_portletWiring
/wps/PA_spa
/wps/WSRPBaseService
/wps/WSRPBaseService/*
/wps/WSRPBaseService_v2
/wps/WSRPBaseService_v2/*
/wps/WSRPPortletManagementService
/wps/WSRPPortletManagementService/*
/wps/WSRPPortletManagementService_v2
/wps/WSRPPortletManagementService_v2/*
/wps/WSRPServiceDescriptionService
/wps/WSRPServiceDescriptionService/*
/wps/WSRPServiceDescriptionService_v2
/wps/WSRPServiceDescriptionService_v2/*
/wps/WsrpProxyPortlet
/wps/catalogHandler
/wps/config
/wps/config/*
/wps/content/*
/wps/contenthandler/*
/wps/federation/*
/wps/iehs
/wps/login/*
/wps/mailServlets
/wps/mycontenthandler/*
/wps/myfederation/*
/wps/mypoc/*
/wps/myportal/*
/wps/myproxy/*
/wps/poc/*
/wps/portal/*
/wps/proxy/*
/wps/pznauthor6
/wps/pznlist6
/wps/pznpublish
/wps/pznutilities
/wps/redirect/*
/wps/richText
/wps/spellcheck
/wps/um
/wps/upCatalogHandler
/wps/wcm
/wps/wcmimport
/wps/wcmsearchseed
/wps/wprs
/wps/wsdl/*
/wps_semanticTag
/wsgwsoaphttp1
/wsgwsoaphttp2
/wsrpinvoker/
/invoker/EJBInvokerServlet
/invoker/JMXInvokerServlet
/jbossmq-httpil/
/jbossws/services
/jmx-console
/jmx-console/
/jmx-console/HtmlAdaptor
/status
/web-console
/web-console/
/web-console/AOPBinding.jsp
/web-console/Invoker
/web-console/ServerInfo.jsp
/web-console/SysProperties.jsp
/web-console/WebModule.jsp
/web-console/applet.jsp
/web-console/listMonitors.jsp
/web-console/status
/SmarTicketApp/index.html
/WEB-INF/webapp.properties
/WEB-INF/web.xml
/compass/logon.jsp
/databasenotes.html
/flash/java/javabean/FlashJavaBean.html
/jrunscripts
/jstl-war/index.html
/techniques/servlets/index.html
/travelnet/home.jsp
/worldmusic/action/cdlist
/worldmusic/action/catalog
/ws-client/loanCalculation.jsp
/DWREasyAjax/dwr/index.html
/dwr/index.html
/dwr/engine.js
/jmx-console
/web-console
/web-console/Invoker
/invoker/JMXInvokerServlet
/WEB-INF/jboss-web.xml
/compass/logon.jsp
/databasenotes.html
/flash/java/javabean/FlashJavaBean.html
/jrunscripts
/jstl-war/index.html
/SmarTicketApp/index.html
/techniques/servlets/index.html
/travelnet/home.jsp
/WEB-INF/webapp.properties
/WEB-INF/web.xml
/worldmusic/action/catalog
/worldmusic/action/cdlist
/ws-client/loanCalculation.jsp
/CookieExample
/Counter
/DateServlet
/HelloWorldServlet
/RequestParamExample
/SessionExample
/SessionServlet
/SimpleServlet
/SnoopServlet
/basic
/cal
/cgi-bin
/echo
/examples
/fcgi-bin
/hellouser
/hellouser.jsp
/j2ee
/jsp
/login.html
/ojspdemos
/perl
/printenv
/servlet
/simple
/snoop.jsp
/snp
/usebean.jsp
/welcomeuser.jsp
/pls
/SIMPLEDAD
/HTMLDB
/ORASSO
/SSODAD
/PORTAL
/PORTAL2
/PORTAL30
/PORTAL30_SSO
/TEST
/DAD
/APP
/ONLINE
/DB
/OWA
/simpledad
/htmldb
/orasso
/ssodad
/portal
/portal2
/portal30
/portal30_sso
/test
/dad
/app
/online
/db
/owa
/null
/pls/dad/null
/*.jsp
/Adaptador
/Admin
/AggreSpy
/Apps
/BBoardServlet
/BPELConsole
/ConfigServlet
/CookieExample
/Counter
/DateServlet
/EJB
/EMDServlet
/FE
/HelloWorldServlet
/HelloworldExample
/HelloworldServlet
/HttpSoap12
/JMSRouter_MBean_starter
/JMXSoapAdapter
/JMXSoapAdapter-web
/JSP
/OHW
/Oracle
/OracleASjms
/RedirectServlet
/RequestHeaderExample
/RequestInfoExample
/RequestParamExample
/Servlet
/ServletToJsp
/Servlets
/SessionExample
/SessionServlet
/SimpleServlet
/SnoopServlet
/Spy
/ToJSPServlet
/ViewSrc
/_pages
/admin_ejb
/app
/aqserv/servlet
/ascontrol
/basic
/bc4j
/bc4j.jsp
/bpel
/cabo
/cal
/catalog
/ccore
/cgi-bin
/console
/console
/console/*
/console/help/*
/dad
/dav_public
/db
/default
/defaultWebApp
/dms
/dms/AggreSpy
/dms/Spy
/dms0
/dms0/AggreSpy
/dms0/Spy
/dmsoc4j
/dmsoc4j/AggreSpy
/dynamicImage
/dynamicImage
/dynamicImage/*
/echo
/echo2
/em
/esb
/esb/
/examples
/examples/jsp/jsp2/misc/config.jsp
/examples/jsp/snp/snoop.jsp
/false
/fcgi-bin
/fcgi-bin/echo
/fcgi-bin/echo.exe
/fcgi-bin/echo2
/fcgi-bin/echo2.exe
/fedadmin
/hellouser
/hellouser.jsp
/home
/home/oas/OraHome_1/
/htmldb
/ias/cluster/appServer.jsp
/ias/cluster/topology.jsp
/ias/faintTabsInclude.jsp
/ias/oc4j/admin/j2eeWebsites.jsp
/ias/oc4j/admin/websites/wsHome.jsp
/ias/oc4j/administration.jsp
/ias/oc4j/app/appHome.jsp
/ias/oc4j/app/appViewDesc.jsp
/index.html
/index.jsp
/index_jsp
/index_jsp
/integration/services/EvidenceService/EvidenceService
/integration/services/IdentityService/configuration
/integration/services/IdentityService/identity
/integration/services/TaskMetadataService/TaskMetadataServicePort
/integration/services/TaskQueryService/TaskQueryService
/integration/services/TaskReportService//integration/services/RuntimeConfigService/RuntimeConfigService
/integration/services/TaskService/TaskServicePort
/integration/services/UserMetadataService/UserMetadataService
/j2ee
/javacachedocs
/jmsrouter
/jmsrouter_ejb
/jmsrouter_web
/jsp
/jspdocs
/jspsamples
/login.html
/logon.jsp
/netbanking
/no
/oas
/oc4j
/oc4j-status
/oc4jadmin
/oca/admin
/oiddas
/oiddas/ui/oracle/ldap/das
/ojspdemos
/online
/oprocmgr-service
/oracle
/owa
/perl
/petstore
/pls/orasso
/portal2
/portal30
/portal30_sso
/portlist
/printenv
/ruleauthor
/servlet
/servlet/BBoardServlet
/servlet/ConfigServlet
/servlet/CookieExample
/servlet/Counter
/servlet/DateServlet
/servlet/HelloWorldExample
/servlet/HelloWorldServlet
/servlet/RedirectServlet
/servlet/RequestHeaderExample
/servlet/RequestInfoExample
/servlet/RequestParamExample
/servlet/SessionExample
/servlet/SessionServlet
/servlet/SimpleServlet
/servlet/SnoopServlet
/servlet/ToJSPServlet
/servlet/ViewSrc
/servlet/ViewSrc/*
/servlet/servletToJsp
/shutdown
/simple
/simpledad
/snoop.jsp
/snp
/ssodad
/stressH
/system
/test
/testru
/testunit
/transtrace
/true
/uddi
/uddi/admin
/uddi/demo
/uddi/demo/inquiry
/uddi/demo/jsp/searchForm.jsp
/uddi/demo/publishing
/uixi
/usebean.jsp
/utility
/webapp
/webapp/wm/bc4j.jsp
/welcomeuser.jsp
/wm/BasicAuthServlet
/CertAuthServlet
/cgi-bin
/cgi-bin/gx.cgi
/cgi-bin/gx.dll
/cgi-bin/gx.exe
/classes
/com.netscape.server.servlet.jsp.JSPRunner
/COnlineBank
/CSample
/ExceptionThrown.jsp
/FormAuthServlet
/fortune
/gx
/GXApp
/GXApp/COnlineBank
/GXApp/COnlineBank/COBLogin.html
/GXApp/CSample
/GXApp/CSample/index.html
/GXApp/images
/GXApp/index.html
/GXApp/OnlineBank
/GXApp/OnlineBank/OBLogin.html
/gx.cgi
/gx.exe
/ias-samples
/ias-samples/index.html
/index.html
/JSPRunner
/JSPRunnerSticky
/lotery
/NASApp
/NASApp/fortune/fortune
/NASApp/system
/NASApp/system/BasicAuthServlet
/NASApp/system/CertAuthServlet
/NASApp/system/ExceptionThrown.jsp
/NASApp/system/FormAuthServlet
/NASApp/system/JSPRunner
/NASApp/system/JSPRunnerSticky
/NASApp/system/SessionInvalidator
/NASApp/system/StaticServlet
/NASApp/system/ValidationError.jsp
/NASApp/system/WelcomeListServlet
/OnlineBank
/servlet
/SessionInvalidator
/StaticServlet
/system
/ValidationError.jsp
/WelcomeListServlet
/admin-serv
/admin-serv/config/admpw
/admpw
/agents
/bin
/ca
/ca
/cgi-bin
/config
/dirb_random.cgi
/dirb_random.jsp
/dirb_random.shtml
/docs
/dsgw
/help
/index.html
/jsp
/manual
/mc-icons
/netshare
/ns-icons
/publisher
/?Publisher
/search
/search-ui
/servlet
/servlets
/?wp-cs-dump
/?wp-html-rend
/?wp-start-ver
/?wp-stop-ver
/?wp-uncheckout
/?wp-usr-prop
/?wp-ver-diff
/?wp-verify-link
/?wp-ver-info
/*.gif
/*.gif/
/*.html
/*.jsp
/*.jsp/
/*.jws
/*.shtml/
/AdminCaptureRootCA
/AdminClients
/AdminConnections
/AdminEvents
/AdminJDBC
/AdminLicense
/AdminMain
/AdminProps
/AdminRealm
/AdminThreads
/AdminVersion
/BizTalkServer
/Bootstrap
/Certificate
/Classpath/
/ConsoleHelp/
/ConsoleHelp
/DefaultWebApp
/HTTPClntClose
/HTTPClntLogin
/HTTPClntRecv
/HTTPClntSend
/LogfileSearch
/LogfileTail
/Login.jsp
/MANIFEST.MF
/META-INF
/SimpappServlet
/StockServlet
/T3AdminMain
/UniversityServlet
/WEB-INF
/WEB-INF./web.xml
/WEB-INF/web.xml
/WLDummyInitJVMIDs
/WebServiceServlet
/_tmp_war
/_tmp_war_DefaultWebApp
/a2e2gp2r2/x.jsp
/actions
/admin/login.do
/applet
/applications
/authenticatedy
/bea_wls_internal/classes/
/bea_wls_internal/classes/
/bea_wls_internal/WebServiceServlet
/bea_wls_internal/getior
/bea_wls_internal
/bea_wls_internal/HTTPClntSend
/bea_wls_internal/HTTPClntRecv
/bea_wls_internal/iiop/ClientSend
/bea_wls_internal/iiop/ClientRecv
/bea_wls_internal/iiop/ClientLogin
/bea_wls_internal/WLDummyInitJVMIDs
/bea_wls_internal/a2e2gp2r2/x.jsp
/bea_wls_internal/psquare/x.jsp
/bea_wls_internal/iiop/ClientClose
/beanManaged
/certificate
/classes
/classes/
/com
/common
/config
/console
/cookies
/default
/docs51
/domain
/drp-exports
/drp-publish
/dummy
/e2ePortalProject/Login.portal
/ejb
/ejbSimpappServlet
/error
/examplesWebApp/EJBeanManagedClient.jsp
/examplesWebApp/WebservicesEJB.jsp
/examplesWebApp/OrderParser.jsp?xmlfile=C:/bea/weblogic81/samples/server/examples/src/examples/xml/orderParser/order.xml
/examplesWebApp/index.jsp
/examplesWebApp/InteractiveQuery.jsp
/examplesWebApp/SessionServlet
/fault
/file
/file/
/fileRealm
/fileRealm.properties
/getior
/graphics
/helloKona
/helloWorld
/iiop/ClientClose
/iiop/ClientRecv
/iiop/ClientLogin
/iiop/ClientSend
/images
/index
/index.jsp
/internal
/jmssender
/jmstrader
/jspbuild
/jwsdir
/login.jsp
/manifest.mf
/mapping
/mydomain
/myservlet
/page
/patient/login.do
/patient/register.do
/phone
/physican/login.do
/portalAppAdmin/login.jsp
/properties
/proxy
/psquare/x.jsp
/public_html
/servlet
/servletimages
/servlets/
/session
/simpapp
/simple
/simpleFormServlet
/snoop
/survey
/system
/taglib-uri
/uddi
/uddi/uddilistener
/uddiexplorer
/uddilistener
/utils
/web
/web.xml
/weblogic
/weblogic.properties
/weblogic.xml
/webservice
/webshare
/wl_management_internal2/FileDistribution
/wl_management_internal2/Bootstrap
/wl_management_internal2/Admin
/wl_management_internal2/wl_management
/wl_management_internal1/LogfileTail
/wl_management_internal1/LogfileSearch
/wl_management_internal1
/wl_management
/wl_management_internal2
/wliconsole
/wlserver
/*
/*.do
/*.jsp
/*.jsv
/*.jsw
/AddressBookJ2WB
/AddressBookJ2WB/*
/AddressBookJ2WE/*.jsp
/AddressBookJ2WE/*.jsv
/AddressBookJ2WE/*.jsw
/AddressBookJ2WE/services/AddressBook
/AddressBookJ2WE/services/AddressBook/wsdl/*
/AddressBookW2JB
/AddressBookW2JB/*
/AddressBookW2JE/*.jsp
/AddressBookW2JE/*.jsv
/AddressBookW2JE/*.jsw
/AddressBookW2JE/services/AddressBook
/AddressBookW2JE/services/AddressBook/wsdl/*
/AlbumCatalogWeb
/AlbumCatalogWeb/*
/AlbumCatalogWeb/docs/*
/AlbumCatalogWeb/docsservlet
/AlbumCatalogWeb/docsservlet/*
/AlbumCatalogWebservlet
/AlbumCatalogWebservlet/*
/AppInstallStatusServlet
/AppManagementStatus
/AppServer
/ApplicationProfileSample
/ApplicationProfileSample/*
/ApplicationProfileSample/docs/*
/ApplicationProfileSampleservlet
/ApplicationProfileSampleservlet/*
/BBApp
/Bank/*.jsp
/Bank/*.jsv
/Bank/*.jsw
/Bank/services/Transfer_SEI
/Bank/services/Transfer_SEI/wsdl
/Bank/services/Transfer_SEI/wsdl/*
/BeenThere
/ClusterRollout
/ControllerServlet
/DynaCacheESI
/DynaCacheESI/esiInavlidator
/DynamicQuery/EmployeeFinder
/DynamicQuery/EmployeeFinder/*
/DynamicQuery/docs/*
/ErrorReporter
/ErrorServlet
/FileTransfer
/GalleryMenu
/Greenhouse
/Greenhouse/*
/GreenhouseByWebSphere/docs/*
/GreenhouseEJB/*.jsp
/GreenhouseEJB/*.jsv
/GreenhouseEJB/*.jsw
/GreenhouseEJB/services/GreenhouseFront
/GreenhouseEJB/services/GreenhouseFront/wsdl/*
/GreenhouseWeb
/GreenhouseWeb/*
/GreenhouseWebservlet
/GreenhouseWebservlet/*
/Greenhouseservlet
/Greenhouseservlet/*
/HelloHTML.jsp
/HelloHTMLError.jsp
/HelloPervasive
/HelloVXML.jsp
/HelloVXMLError.jsp
/HelloWML.jsp
/HelloWMLError.jsp
/HelloWorld
/HelloWorldServlet
/HitCount
/HitCount.jsp
/IBMDefaultErrorReporter
/IBMWebAS
/JTAExtensionsSamples/TransactionTracker
/JTAExtensionsSamples/TransactionTracker/*
/JTAExtensionsSamples/docs/*
/MANIFEST.MF
/META-INF
/MessageDrivenBeans/docs/*
/MessageDrivenBeans/docsservlet/*
/OrderProcessorEJB/*
/OrderProcessorEJB/*.jsp
/OrderProcessorEJB/*.jsv
/OrderProcessorEJB/*.jsw
/OrderProcessorEJB/services/FrontGate
/OrderProcessorEJB/services/FrontGate/wsdl/*
/PlantsByWebSphere
/PlantsByWebSphere/*
/PlantsByWebSphere/docs
/SamplesGallery
/SamplesGallery/*
/SimpleServlet
/SnoopServlet
/SourceCodeViewer
/Sourceservlet-classViewer
/StockQuote/*.jsp
/StockQuote/*.jsv
/StockQuote/*.jsw
/StockQuote/services/xmltoday-delayed-quotes
/StockQuote/services/xmltoday-delayed-quotes/wsdl/*
/TechnologySamples/AddressBook
/TechnologySamples/AddressBook/*
/TechnologySamples/AddressBook/*.jsp
/TechnologySamples/AddressBook/*.jsv
/TechnologySamples/AddressBook/*.jsw
/TechnologySamples/AddressBook/AddressBookServlet
/TechnologySamples/AddressBook/servlet/*
/TechnologySamples/BasicCalculator
/TechnologySamples/BasicCalculator/*
/TechnologySamples/BulletinBoard
/TechnologySamples/BulletinBoard/*
/TechnologySamples/BulletinBoardservlet
/TechnologySamples/BulletinBoardservlet/*
/TechnologySamples/Calendar
/TechnologySamples/Calendar/*
/TechnologySamples/FilterServlet
/TechnologySamples/FilterServlet/*
/TechnologySamples/FormLogin
/TechnologySamples/FormLogin/*
/TechnologySamples/FormLoginservlet
/TechnologySamples/FormLoginservlet/*
/TechnologySamples/JAASLogin
/TechnologySamples/JAASLogin/*
/TechnologySamples/JAASLoginservlet
/TechnologySamples/JAASLoginservlet/*
/TechnologySamples/MovieReview
/TechnologySamples/MovieReview/*
/TechnologySamples/MovieReview2_0
/TechnologySamples/MovieReview2_0/*
/TechnologySamples/MovieReview2_1
/TechnologySamples/MovieReview2_1/*
/TechnologySamples/PageReturner
/TechnologySamples/PageReturner/*
/TechnologySamples/PageReturnerservlet
/TechnologySamples/PageReturnerservlet/*
/TechnologySamples/ReadingList
/TechnologySamples/ReadingList/*
/TechnologySamples/SimpleJSP
/TechnologySamples/SimpleJSP/*
/TechnologySamples/SimpleServlet
/TechnologySamples/SimpleServlet/*
/TechnologySamples/Subscription
/TechnologySamples/Subscription/*
/TechnologySamples/Subscriptionservlet
/TechnologySamples/Subscriptionservlet/*
/TechnologySamples/Taglib
/TechnologySamples/Taglib/*
/TechnologySamples/docs
/WEB-INF
/WEB-INF./web.xml
/WEB-INF/web.xml
/WSsamples
/WSsamples/*
/WSsamples/de
/WSsamples/de/*
/WSsamples/en
/WSsamples/en/*
/WSsamples/es
/WSsamples/es/*
/WSsamples/fr
/WSsamples/fr/*
/WSsamples/index.jsp
/WSsamples/it
/WSsamples/it/*
/WSsamples/ja
/WSsamples/ja/*
/WSsamples/ko
/WSsamples/ko/*
/WSsamples/pt_br
/WSsamples/pt_br/*
/WSsamples/zh_cn
/WSsamples/zh_cn/*
/WSsamples/zh_tw
/WSsamples/zh_tw/*
/WarehouseEJB/*.jsp
/WarehouseEJB/*.jsv
/WarehouseEJB/*.jsw
/WarehouseEJB/services/WarehouseFront
/WarehouseEJB/services/WarehouseFront/wsdl/*
/WarehouseWeb
/WarehouseWeb/*
/WarehouseWebservlet
/WarehouseWebservlet/*
/WebServicesSamples/docs/*
/WebSphere
/WebSphereBank
/WebSphereBank/*
/WebSphereBank/docs/*
/WebSphereBankDeposit
/WebSphereBankDeposit/*
/WebSphereBankDepositservlet
/WebSphereBankDepositservlet/*
/WebSphereBankservlet
/WebSphereBankservlet/*
/WebSphereSamples
/WebSphereSamples.Configuration.config
/WebSphereSamples/
/WebSphereSamples/SingleSamples/AccountAndTransfer/create.html
/WebSphereSamples/SingleSamples/Increment/increment.html
/WebSphereSamples/YourCo/main.html
/_DynaCacheEsi
/_DynaCacheEsi/*
/_DynaCacheEsi/esiInvalidator
/ab/*
/ab/docs/*
/activitysessions/docs/*
/addNodeListener
/admin
/admin-authz.xml
/admin.conf
/admin.passwd
/admin/*
/admin/logon.jsp
/admin/secure/logon.jsp
/apadminred
/apadminred.html
/aphtpasswd.html
/asynchbeans/*
/asynchbeans/docs/*
/cachemonitor
/cachemonitor/statistics.jsp
/cell.xml
/cells
/cgi-bin
/cgi-bin/
/com.ibm.ws.console.events
/com.ibm.ws.console.events/runtime_messages.jsp
/config
/console
/debug_error.jsp
/error
/error.jsp
/esiInavlidator
/estore
/estore/annotated-index.html
/estore/index.html
/estore/populate
/examples
/hello
/helloEJB
/hitcount
/httpd.conf
/i18nctxSample
/i18nctxSample/*
/i18nctxSample/docs/*
/ibm
/ibm/console
/ibm_security_logout
/icons
/images
/index.html
/index.jsp
/ivt
/ivt/*
/ivt/ivtDate.jsp
/ivt/ivtejb
/ivt/ivtservler
/ivt/ivtservlet
/ivtejb
/ivtserver
/ivtservlet
/j_security_check
/jsp
/login.html
/manual
/manual/index.html
/node.xml
/nodes
/opc/*.jsp
/opc/*.jsv
/opc/*.jsw
/opc/services/BrokerServiceIntfPort
/opc/services/BrokerServiceIntfPort/wsdl/*
/opc/services/OrderTrackingIntfPort
/opc/services/OrderTrackingIntfPort/wsdl/*
/opc/services/PurchaseOrderIntfPort
/opc/services/PurchaseOrderIntfPort/wsdl/*
/opt
/petstore
/petstore/*
/ping
/removeNodeListener
/resources.xml
/runtime_messages.jsp
/samples/activitysessions
/samples/activitysessions/*
/scheduler
/scheduler/*
/scheduler/docs/*
/scripts
/secure/downloadFile/*
/securecleanup
/security.xml
/server-info
/server-status
/server.xml
/serverindex.xml
/servers
/servlet
/servlet/*
/servlet/ControllerServlet
/servlet/ErrorReporter
/servlet/HelloWorldServlet
/servlet/HitCount
/servlet/SimpleServlet
/servlet/SnoopServlet
/servlet/TheExpiringHTMLServlet
/servlet/WebSphereSamples.Configuration.config
/servlet/WebSphereSamples.Form.FormServlet
/servlet/WebSphereSamples.YourCo.News.NewsServlet
/servlet/aphtpassword
/servlet/com.ibm.as400ad.webfacing.runtime.httpcontroller.ControllerServlet
/servlet/com.ibm.servlet.engine.webapp.DefaultErrorReporter
/servlet/com.ibm.servlet.engine.webapp.InvokerServlet
/servlet/com.ibm.servlet.engine.webapp.SimpleFileServlet
/servlet/com.ibm.servlet.engine.webapp.UncaughtServletException
/servlet/com.ibm.servlet.engine.webapp.WebAppErrorReport
/servlet/hello
/servlet/snoop
/servlet/snoop2
/servletcache
/showCfg
/sibstatus
/simple.jsp
/simpleJSP
/snoop
/snoop/*
/snoop2
/statistics.jsp
/status
/statuspoll
/theme
/tradetheme
/transfer
/uddigui/*
/uddisoap/*
/variables.xml
/very_simple.jsp
/virtualhosts.xml
/wasPerfTool
/wasPerfTool/*
/wasPerfToolservlet
/wasPerfToolservlet/*
/web.xml
/webapp
/webapp/examples/ErrorServlet
/webapp/examples/HelloPervasive
/webapp/examples/HitCount
/webapp/examples/SourceCodeViewer
/webapp/examples/login.html
/webapp/examples/ping
/webapp/examples/showCfg
/webapp/examples/showcfg
/webapp/examples/simple.jsp
/webapp/examples/verify
/webexec
/workarea/*
/workarea/docs/*
/
/examples
/examples/jsp/index.html
/examples/jsp/snp/snoop.jsp
/examples/jsp/source.jsp
/examples/servlet/HelloWorldExample
/examples/servlet/SnoopServlet
/examples/servlet/TroubleShooter
/examples/servlet/default/jsp/snp/snoop.jsp
/examples/servlet/default/jsp/source.jsp
/examples/servlet/org.apache.catalina.INVOKER.HelloWorldExample
/examples/servlet/org.apache.catalina.INVOKER.SnoopServlet
/examples/servlet/org.apache.catalina.INVOKER.TroubleShooter
/examples/servlet/org.apache.catalina.servlets.DefaultServlet/jsp/snp/snoop.jsp
/examples/servlet/org.apache.catalina.servlets.DefaultServlet/jsp/source.jsp
/examples/servlet/org.apache.catalina.servlets.WebdavServlet/jsp/snp/snoop.jsp
/examples/servlet/org.apache.catalina.servlets.WebdavServlet/jsp/source.jsp
/examples/servlet/snoop
/examples/servlets/index.html
/jsp-examples
/manager
/manager/deploy?path=foo
/manager/html/
/servlet/default/
/servlet/org.apache.catalina.INVOKER.org.apache.catalina.servlets.DefaultServlet/tomcat.gif
/servlet/org.apache.catalina.INVOKER.org.apache.catalina.servlets.SnoopAllServlet
/servlet/org.apache.catalina.INVOKER.org.apache.catalina.servlets.WebdavServlet/
/servlet/org.apache.catalina.servlets.DefaultServlet/
/servlet/org.apache.catalina.servlets.DefaultServlet/tomcat.gif
/servlet/org.apache.catalina.servlets.HTMLManagerServlet
/servlet/org.apache.catalina.servlets.InvokerServlet/org.apache.catalina.servlets.DefaultServlet/tomcat.gif
/servlet/org.apache.catalina.servlets.InvokerServlet/org.apache.catalina.servlets.SnoopAllServlet
/servlet/org.apache.catalina.servlets.ManagerServlet
/servlet/org.apache.catalina.servlets.SnoopAllServlet
/servlet/org.apache.catalina.servlets.WebdavServlet/
/tomcat-docs
/webdav
/webdav/index.html
/webdav/servlet/org.apache.catalina.servlets.WebdavServlet/
/webdav/servlet/webdav/
/conf/
/conf/server.xml/
/WEB-INF/
/WEB-INF/web.xml
/WEB-INF/classes/
/shared/
/shared/lib/
