/.bash_history
/1.htaccess
/1.htpasswd
/1.php
/1.tar
/1.tar.bz2
/1.tar.gz
/1.txt
/1.zip
/2.php
/2.tar
/2.tar.bz2
/2.tar.gz
/2.txt
/2.zip
/3.php
/4.php
/5.php
/6.php
/7.php
/.7z
/8.php
/9.php
/.access
/accesslog
/access_log
/access-log
/access.log
/accesslogs
/access.phtml
/account.php
/accounts
/account.sql
/accounts.sql
/accounts.txt
/add.php
/.addressbook
/_admin
/.admin
/admin_
/admin/
/Admin/
/admin0
/admin1/
/admin2/
/admin%20/
/admin2.old/
/admin2.php
/admin/access_log
/admin/access.log
/admin/access.txt
/admin/adminer.php
/admin/backup/
/admin/backups/
/admin/.config
/adminconsole
/admin-console
/admin-console/
/admincontrol.php
/admincp/js/kindeditor/
/admincp/upload/
/admin.dat
/admin/db/
/admin/download.php
/admin/_dump/
/admin/dumper/
/adminer/
/adminer-4.0.3.php
/adminer-4.1.0.php
/adminer-4.2.0.php
/adminer/adminer.php
/adminer.php
/.adminer.php.swp
/admin/error_log
/admin/error.log
/admin/error.txt
/admin/export.php
/admin/.htaccess
/admin.htm
/admin.html
/admin/includes/configure.php~
/administration/
/administration.php
/administration/Sym.php
/administrative/
/administrative/login_history
/administrator/
/administrator/.htaccess
/administrator/logs
/administrator.php
/administrators.pwd
/admin/js/tiny_mce/
/admin/js/tinymce/
/admin/lib/spaw2/dialogs/dialog.php
/admin/log
/admin/logs/
/admin/logs/login.txt
/admin.mdb
/adminpanel/
/adminpanel.html
/adminpanel.php
/admin.php
/admin/phpmyadmin/
/admin/pma/
/admin/pma/scripts/setup.php
/admin/private/logs
/admins/
/admins.asp
/admins/backup/
/admin/scripts/setup.php
/admin-serv/
/admin-serv/config/admpw
/admins/log.txt
/admins.php
/admin/sxd/
/admin/test/
/admin/uploadarticles/uploadTester.asp
/admin/upload.php
/admin/user_count.txt
/admpar/.ftppass
/adm.php
/admrev/_files/
/admrev/.ftppass
/adm/spaw2/dialogs/dialog.php
/adm/upload.php
/adsystem
/affiliates.sql
/ajax/app/yahoo/yahoo.htm
/alfa/
/all.sql
/amad.php
/amministratore.php
/answers/error_log
/apache-default/phpmyadmin/
/apache/logs/access_log
/apache/logs/access.log
/apache/logs/error_log
/apache/logs/error.log
/apc/apc.php
/apc/index.php
/apc-nrp.php
/apc.php
/.apdisk
/api/
/apibuild.pyc
/api/error_log
/app/bin
/appcache.manifest
/app/composer.json
/app/composer.lock
/app.config
/app/config/adminConf.json
/app/config/databases.yml
/app/config/database.yml
/app/config/database.yml~
/app/config/database.yml_original
/app/config/database.yml.pgsql
/app/config/database.yml.sqlite3
/app/config/global.json
/app/config/parameters.ini
/app/config/parameters.yml
/app/config/routes.cfg
/app/config/schema.yml
/app/dev
/app_dev.php
/app/docs
/app/etc/config.xml
/app/etc/enterprise.xml
/app/etc/fpc.xml
/app/etc/local.additional
/app/etc/local.xml
/app/etc/local.xml.additional
/app/etc/local.xml.bak
/app/etc/local.xml.live
/app/etc/local.xml.localRemote
/app/etc/local.xml.phpunit
/app/etc/local.xml.template
/app/etc/local.xml.vmachine
/app/etc/local.xml.vmachine.rm
/app/.htaccess
/app.js
/app.json
/app/languages
/.AppleDB
/.AppleDesktop
/.AppleDouble
/application/cache/
/application.log
/application/logs/
/app/log/
/app/logs/
/app/phpunit.xml
/apps/frontend/config/app.yml
/apps/frontend/config/databases.yml
/app/src
/app/sys
/app/testing
/app/unschedule.bat
/app/vendor
/app/vendor-src
/asp.aspx
/aspnet_webadmin
/aspwpadmin
/aspxspy.aspx
/assets/fckeditor
/assets/js/fckeditor
/assets/npm-debug.log
/asterisk.log
/atlassian-ide-plugin.xml
/auth.inc
/authorization.config
/authorized_keys
/auth.php
/auth_user_file.txt
/autobackup.php
/awstats/
/awstats.pl
/azureadmin/
/b2badmin/
/backdoor/
/backdoor.php
/back.sql
/backup
/.Backup
/backup/
/Backup/
/backup0/
/backup1/
/backup123/
/backup2/
/backup2016.sql
/backup.7z
/backup.htpasswd
/backup.inc
/backup.inc.old
/backup.old
/backup.rar
/backups
/backups/
/Backups/
/backups.7z
/backups.inc
/backups.inc.old
/backups.old
/backup.sql
/backup.sql.old
/backups.rar
/backups.sql
/backups.sql.old
/backups.tar
/backups.tar.bz2
/backups.tar.gz
/backups.tgz
/backups.zip
/backup.tar
/backup.tar.bz2
/backup.tar.gz
/backup.tgz
/backup.zip
/.bak
/base/
/.bash_history
/.bash_logout
/.bash_profile
/.bashrc
/bb-admin/
/bd.sql
/beta/
/bigdump.php
/billing
/billing/killer.php
/bin/config.sh
/BingSiteAuth.xml
/bin/reset-db-prod.sh
/bin/reset-db.sh
/bitrix/admin/index.php
/bitrix/admin/info.php
/bitrix/admin/i.php
/bitrix/admin/phpinfo.php
/bitrix/admin/php.php
/bitrix/admin/p.php
/bitrix/authorization.config
/bitrix/backup/
/bitrix/dumper/
/bitrix/error.log
/bitrix/import/
/bitrix/import/files
/bitrix/import/import
/bitrix/import/m_import
/bitrix/logs/
/bitrix/modules/error.log
/bitrix/modules/error.log.old
/bitrix/modules/main/admin/restore.php
/bitrix/modules/main/classes/mysql/agent.php
/bitrix/modules/smtpd.log
/bitrix/modules/updater.log
/bitrix/modules/updater_partner.log
/bitrix/otp/
/bitrix/php_interface/dbconn.1
/bitrix/php_interface/dbconn.2
/bitrix/php_interface/dbconn.bak
/bitrix/php_interface/dbconn.dist
/bitrix/php_interface/dbconn.php2
/bitrix/php_interface/dbconn.php.txt
/bitrix/php_interface/dbconn.save
/bitrix/php_interface/dbconn.swp
/bitrix/php_interface/dbconn.txt
/bitrix/rk.php?goto=http://evil.com
/bitrix/web.config
/biy/upload/
/blacklist.dat
/Black.php
/blog/error_log
/blog/phpmyadmin/
/blog/wp-content/backup-db/
/blog/wp-content/backups/
/bot.txt
/.bower-cachez
/.bower-registry
/.bower-tmp
/buck.sql
/.build/
/build/buildinfo.properties
/build/build.properties
/build_config_private.ini
/build.gradle
/build.local.xml
/build.log
/.buildpath
/.buildpath/
/.builds
/build.sh
/build.xml
/.bundle
/.bz2
/.bzr/README
/c100.php
/c22.php
/.c9/
/c99.php
/c99shell.php
/.c9revisions/
/__cache/
/.cache
/.cache/
/cache/
/cache/sql_error_latest.cgi
/Capfile
/.capistrano
/.capistrano/metrics
/.cc-ban.txt
/.cc-ban.txt.bak
/ccbill.log
/cc-errors.txt
/cc-log.txt
/cell.xml
/cfajax/app/yahoo/yahoo.htm
/.cfg
/cgi-bin/awstats.pl
/cgi.pl/
/Cgishell.pl
/changeall.php
/ChangeLog
/CHANGELOG
/change.log
/changelog.txt
/Changelog.txt
/ChangeLog.txt
/CHANGELOG.txt
/CHANGES.html
/changes.txt
/checked_accounts.txt
/.checkstyle
/chubb.xml
/c-h.v2.php
/cidr.txtа
/citrix/
/Citrix/PNAgent/config.xml
/citydesk.xml
/ckeditor
/ckeditor/
/ckeditor/ckfinder/ckfinder.html
/ckeditor/ckfinder/core/connector/asp/connector.asp
/ckeditor/ckfinder/core/connector/aspx/connector.aspx
/ckeditor/ckfinder/core/connector/php/connector.php
/ckfinder/ckfinder.html
/classes/adodb/server.php
/classes/cookie.txt
/.classpath
/cleanup.log
/ClientAccessPolicy.xml
/cliente/downloads/h4xor.php
/clients.mdb
/clients.sql
/clients.sqlite
/clients.zip
/cmdasp.asp
/cms/
/cms-admin
/cms/cms.csproj
/cms.csproj
/cms/spaw2/dialogs/dialog.php
/cms/Web.config
/.cobalt
/code/
/codeception.yml
/.codeintel
/.codekit-cache
/.codio
/common/config/api.ini
/common/config/db.ini
/common.inc
/common.xml
/_common.xsl
/.compile
/.composer
/composer/installed.json
/composer.json
/composer.lock
/composer.phar
/.conf
/conf/
/.config
/config/
/Config/
/config/apc.php
/config/AppData.config
/config/application.ini
/config/app.yml
/config/aws.yml
/config.bak
/config/banned_words.txt
/config.bat
/config.codekit
/config/config.ini
/config.core
/config.dat
/config/databases.yml
/config/database.yml
/config/database.yml~
/config/database.yml_original
/config/database.yml.pgsql
/config/database.yml.sqlite3
/config/dbconfig.ini
/config.dist
/_config.inc
/config.inc
/config.inc~
/config.inc.bak
/config.inc.old
/config.inc.php
/config.inc.php~
/config.inc.php.bak
/config.inc.php.dist
/config.inc.php-eb
/config.inc.php.inc
/config.inc.php.inc~
/config.inc.php.old
/config.inc.php.save
/config.inc.php.swp
/config.inc.php.templ
/config.inc.php.txt
/config.inc.txt
/config.ini
/config.ini.bak
/config.ini.old
/config.ini.txt
/config.json
/config.json.cfm
/config.local
/config/monkcheckout.ini
/config/monkdonate.ini
/config/monkid.ini
/config.old
/config.php
/config.php~
/config.php.bak
/config.php.dist
/config.php-eb
/config.php.inc
/config.php.inc~
/config.php.old
/config.php.save
/.config.php.swp
/config.php.swp
/config.php.templ
/config.php.txt
/config/producao.ini
/config.rb
/config/routes.yml
/config.save
/configs/conf_bdd.ini
/configs/conf_zepass.ini
/config/settings.inc
/config/settings.ini
/config/settings.ini.cfm
/config/settings.local.yml
/config/settings/production.yml
/config.swp
/config.txt
/configuration/
/configuration.ini
/configuration.php
/configuration.php~
/configuration.php.bak
/configuration.php.dist
/configuration.php.old
/configuration.php.save
/.configuration.php.swp
/configuration.php.swp
/configuration.php.templ
/configuration.php.txt
/configuration.yml
/config.xml
/config.yml
/config.yml.templ
/confluence/
/conf/server.xml
/connect.inc
/console/
/console/base/config.json
/console/payments/config.json
/container1.yml
/content/debug.log
/.contracts
/contributing.md
/CONTRIBUTING.md
/contributors.txt
/controlpanel.php
/COPYING
/.core
/core/docs/changelog.txt
/.coverage
/coverage.data
/coverage.xml
/.coveralls.yml
/cp/
/.cpan
/cpanel
/.cpanel/
/cpanel/
/cpanel.php
/Cpanel.php
/cpanelphpmyadmin/
/cpbackup-exclude.conf
/cpbt.php
/cpn.php
/cp.php
/cpphpmyadmin/
/.cproject
/crash.php
/CREDITS
/crm/
/cron/cron.sh
/crond/logs/
/cron.log
/cronlog.txt
/cron.php
/cron.sh
/.cshrc
/.csv
/.CSV
/culeadora.txt
/current/config/database.yml
/custom/db.ini
/customers.csv
/customers.log
/customers.mdb
/customers.sql
/customers.sql.gz
/customers.sqlite
/customers.txt
/customers.xls
/.cvs
/cvs/
/CVS/
/.cvsignore
/CVS/Root
/d0maine.php
/d0main.php
/d0mains.php
/dam.php
/.dat
/_data/
/dataBackup/
/data/backups/
/database
/database/
/database_admin
/Database_Backup/
/database_credentials.inc
/database.csv
/database.inc
/database.log
/database.mdb
/database.php
/database.sql
/database.sqlite
/databases.yml
/database.txt
/database.yml
/database.yml~
/database.yml_original
/database.yml.pgsql
/database.yml.sqlite3
/data/debug/
/_data/error_log
/data/files/
/data/logs/
/data.mdb
/data-nseries.tsv
/dataobject.ini
/data.sql
/data.sqlite
/data/tmp/
/data.tsv
/data.txt
/davmail.log
/db/
/db1.mdb
/db1.sqlite
/db2
/dbaccess.log
/db_admin
/db-admin
/dbadmin/
/dbadmin.php
/dbase
/dbbackup/
/db_backups/
/db.csv
/dbfix/
/db-full.mysql
/db.inc
/db.ini
/db.log
/db/main.mdb
/db.mdb
/db.properties
/db.sql
/db.sqlite
/dead.letter
/debug
/debug/
/debug_error.jsp
/debug.inc
/debug.log
/debug-output.txt
/debug.php
/debug.txt
/default.php
/delete.php
/demo/ejb/index.html
/demo.php
/demo/sql/index.jsp
/deploy
/.deployignore
/deploy.rb
/Descript.ion
/desktop/index_framed.htm
/Desktop.ini
/.dev/
/dev/
/development/
/development.esproj/
/development-parts/
/dev.php
/df_main.sql
/.directory
/dir.php
/dist/
/docker-compose.yml
/Dockerfile
/.dockerignore
/doctrine/schema/eirec.yml
/doctrine/schema/tmx.yml
/documentation/config.yml
/dom.php
/downloader/cache.cfg
/downloader/connect.cfg
/download/history.csv
/download.php
/downloads/dom.php
/download/users.csv
/d.php
/dra.php
/.DS_Store
/dummy
/dummy.php
/dump
/.dump
/dump/
/dump.7z
/dumper/
/dumper.php
/dump_file.sql
/dump.inc
/dump.inc.old
/dump.log
/dump.old
/dump.rar
/dump.rdb
/dumps/
/dump.sql
/Dump.sql
/dump.sqlite
/dump.sql.old
/dump.tar
/dump.tar.bz2
/dump.tar.gz
/dump.tgz
/dumpuser.aspx
/dump.zip
/dz0.php
/dz1.php
/dz.php
/.eclipse
/ecosystem.json
/.editorconfig
/editor/FCKeditor
/editor.php
/editors/FCKeditor
/editor/stats/
/editor/tiny_mce/
/editor/tinymce/
/edit.php
/edit/spaw2/dialogs/dialog.php
/ehthumbs.db
/.elasticbeanstalk/
/.elb
/.elc
/elfinder/elfinder.php
/elim/blist.xml
/.emacs.desktop
/.emacs.desktop.lock
/.empty-folder
/emul.js
/engine/classes/swfupload/swfupload_f9.swf
/engine/classes/swfupload/swfupload.swf
/.env
/.environment
/environment.rb
/.env.php
/err
/error
/error/
/error.html
/errorlog
/.error_log
/error_log
/error-log
/error.log
/error.log.0
/error_log.gz
/error_log.txt
/error-log.txt
/engine/libs/spaw/dialogs/dialog.php
/.env
/.environment
/environment.rb
/.env.php
/err
/error
/error/
/error.html
/errorlog
/.error_log
/error_log
/error-log
/error.log
/error.log.0
/error_log.gz
/error_log.txt
/error-log.txt
/_errors
/errors/
/errors/creation
/errors/local.xml
/errors.log
/errors.txt
/error.txt
/.esformatter
/.eslintignore
/.eslintrc
/.espressostorage
/etc/config.ini
/etc/database.xml
/etc/hosts
/etc/passwd
/etc/security.yml
/eudora.ini
/eula_en.txt
/eula.txt
/example.php
/examples/
/exp/
/export
/export/
/export_log.old.txt
/export_log.txt
/export_stock_log.txt
/.external/data
/fckeditor
/fckeditor/editor/filemanager/browser/default/connectors/asp/connector.asp
/fckeditor/editor/filemanager/browser/default/connectors/aspx/connector.aspx
/fckeditor/editor/filemanager/browser/default/connectors/php/connector.php
/fckeditor/editor/filemanager/connectors/asp/connector.asp
/fckeditor/editor/filemanager/connectors/asp/upload.asp
/fckeditor/editor/filemanager/connectors/aspx/connector.aspx
/fckeditor/editor/filemanager/connectors/aspx/upload.aspx
/fckeditor/editor/filemanager/connectors/php/connector.php
/fckeditor/editor/filemanager/connectors/php/upload.php
/fckeditor/editor/filemanager/upload/asp/upload.asp
/fckeditor/editor/filemanager/upload/aspx/upload.aspx
/fckeditor/editor/filemanager/upload/php/upload.php
/ffftp.ini
/.fhp
/fileadmin
/fileadmin/
/fileadmin.php
/filedump/
/filemanager
/file_manager/
/filemanager/
/.filemgr-tmp
/file.php
/_files
/files/
/files.md5
/file.sql
/file_upload/
/fileupload/
/file_upload.asp
/file_upload.aspx
/file_upload.cfm
/file_upload.htm
/file_upload.html
/file_upload.php
/file_upload.php3
/file_upload.shtm
/.fishsrv.pl
/.flac
/flashFXP.ini
/.flowconfig
/forum/install/install.php
/forum/phpmyadmin/
/forum.rar
/forums/cache/db_update.lock
/forum.sql
/forum.tar
/forum.tar.gz
/forum.zip
/.forward
/fpadmin
/.ftp-access
/.ftppass
/.ftpquota
/ftp.txt
/ganglia/
/gaza.php
/.gem
/Gemfile
/Gemfile.lock
/get.php
/.gitattributes
/.gitconfig
/.gitignore
/.gitignore~
/.gitignore_global
/.gitignore.swp
/.gitk
/.gitkeep
/gitlog
/.gitmodules
/.git_release
/.gitreview
/.git-rewrite/
/git-service
/global
/global.asa.bak
/global.asa.old
/global.asa.orig
/global.asa.temp
/global.asa.tmp
/Global.asax
/global.asax.bak
/global.asax.old
/global.asax.orig
/global.asax.temp
/global.asax.tmp
/global.properties
/globals
/globals.inc
/grabbed.html
/gradlew
/.grunt/
/Gruntfile.js
/.gz
/.hash
/.history
/home.tar
/home.tar.gz
/home.zip
/hosts
/.hta
/_.htaccess
/.htaccess
/.htaccess~
/ht.access
/htaccess.backup
/.htaccessBAK
/.htaccess.bak
/htaccess.bak
/.htaccess.bak1
/.htaccess-dev
/htaccess.dist
/.htaccess_extra
/.htaccess-local
/.htaccess-marco
/.htaccess.old
/htaccess.old
/.htaccess_orig
/.htaccess.orig
/.htaccess.sample
/.htaccess.save
/.htaccess_sc
/.htaccess.txt
/htaccess.txt
/htgroup
/.htgroup
/html/config.rb
/htpasswd
/_.htpasswd
/.htpasswd
/htpasswd.bak
/htpasswd/htpasswd.bak
/.htpasswds
/httpd.conf
/httpd.core
/httpd.ini
/httpd/logs/access_log
/httpd/logs/access.log
/httpd/logs/error_log
/httpd/logs/error.log
/.htusers
/.ht_wsr.txt
/id_dsa
/id_dsa.ppk
/.idea
/.idea/
/.idea0/
/.idea/compiler.xml
/.idea/copyright/profiles_settings.xml
/.idea/dataSources.ids
/.idea/dataSources.xml
/.idea_modules/
/.idea/modules.xml
/.idea/.name
/.idea/scopes/scope_settings.xml
/.idea/Sites.iml
/.idea/sqlDataSources.xml
/.idea/vcs.xml
/.idea/woaWordpress.iml
/.idea/workspace.xml
/id_rsa
/.ignore
/.ignored/
/images/c99.php
/images/Sym.php
/import/
/import.php
/inc/config.inc
/inc/fckeditor/
/_include
/include/fckeditor/
/includes/adovbs.inc
/includes/configure.php~
/include/spaw2/dialogs/dialog.php
/includes/swfupload/swfupload_f9.swf
/includes/swfupload/swfupload.swf
/includes/tiny_mce/
/includes/tinymce/
/inc/tiny_mce/
/inc/tinymce/
/index-bak
/__index.php
/_index.php
/index.php~
/index.php3
/index.php4
/index.php5
/index.php-bak
/index.php.bak
/index.phps
/index.sql
/index-test.php
/index.xml
/info.json
/info.php
/info.txt
/.ini
/.inst/
/install
/~install/
/_install
/install~/
/install_
/install/
/install1/
/installation.php
/.install/composer.phar
/.installed.cfg
/installed.json
/installer
/installer/
/install.mysql.txt
/install.pgsql.txt
/install.php
/install.sql
/install.txt
/Install.txt
/INSTALL.txt
/install/update.log
/invoker/JMXInvokerServlet
/i.php
/ispmgr/
/i.tar
/i.tar.bz2
/i.tar.gz
/i.txt
/i.zip
/javax.faces.resource.../WEB-INF/web.xml.jsf
/jdbc
/jira/
/jmx-console
/jmx-console/
/.joe_state
/joomla.rar
/joomla.xml
/joomla.zip
/jo.php
/.jrubyrc
/jscripts/tiny_mce/plugins/ajaxfilemanager/ajaxfilemanager.php
/.jscsrc
/js/elfinder/elfinder.php
/js/FCKeditor
/.jsfmtrc
/.jshintignore
/.jshintrc
/jsp-examples/
/js/swfupload/swfupload_f9.swf
/js/swfupload/swfupload.swf
/js/tiny_mce/
/js/tinymce/
/kcfinder/browse.php
/.keep
/killer.php
/.komodotools
/.komodotools/
/l0gs.txt
/L3b.php
/lander.logs
/last.sql
/_layouts
/.lesshst
/lib/fckeditor/
/lib/fileupload/fileBrowser.php
/lib/flex/uploader/.actionScriptProperties
/lib/flex/uploader/.flexProperties
/lib/flex/uploader/.project
/lib/flex/uploader/.settings
/lib/flex/varien/.actionScriptProperties
/lib/flex/varien/.flexLibProperties
/lib/flex/varien/.project
/lib/flex/varien/.settings
/libraries/phpmailer/
/libraries/tiny_mce/
/libraries/tinymce/
/lib/spaw2/dialogs/dialog.php
/libs/spaw2/dialogs/dialog.php
/libs/spaw/dialogs/dialog.php
/lib/tiny_mce/
/lib/tinymce/
/license.txt
/LICENSE.txt
/.lighttpd.conf
/lilo.conf
/linkhub/linkhub.log
/linktous.html
/linusadmin-phpinfo.php
/list_emails
/.listing
/.listings
/lists/config
/.loadpath
/load.php
/.local
/.LOCAL
/local_bd_new.txt
/local_bd_old.txt
/local/composer.lock
/local/composer.phar
/local.config.rb
/.localeapp/
/local/.gitignore
/local/.git/index
/localhost.old
/localhost.rar
/localhost.rdb
/localhost.sql
/localhost.sqlite
/localhost.tag.gz
/localhost.tar
/localhost.tar.bz2
/localhost.tar.gz
/localhost.tgz
/localhost.zipu
/local.properties
/localsettings.php~
/localsettings.php.bak
/localsettings.php.dist
/localsettings.php.old
/localsettings.php.save
/.localsettings.php.swp
/localsettings.php.swp
/localsettings.php.templ
/localsettings.php.txt
/local.xml.additional
/local.xml.template
/.lock-wscript
/_log/
/.log
/log/
/log_1.txt
/_log/access_log
/_log/access-log
/_log/access.log
/log/access_log
/log/access.log
/log/development.log
/_log/error_log
/_log/error-log
/_log/error.log
/log/error_log
/log/error.log
/log_errors.txt
/logexpcus.txt
/logfile
/logfiles
/log.htm
/log.html
/.login
/.login_conf
/login.php
/logins.txt
/log/log.log
/log/log.txt
/log.mdb
/log.php
/log/production.log
/logs
/_logs
/_logs/
/logs/
/_logs/access_log
/_logs/access-log
/_logs/access.log
/logs/access_log
/logs/access.log
/logs_console/
/_logs/error_log
/_logs/error-log
/_logs/error.log
/logs/error_log
/logs/error.log
/logs/errors
/log/server.log
/logs.htm
/logs.html
/logs.mdb
/log.sqlite
/logs/sendmail
/logs.sqlite
/log_status_order.txt
/logs.txt
/log/test.log
/log.txt
/lol.php
/.LSOverride
/.lynx_cookies
/__ma/
/ma/
/__MACOSX
/madspot.php
/madspotshell.php
/.magentointel-cache/
/magmi/conf/magmi.ini
/.mail_aliases
/.mailrc
/.maintenance
/maintenance/
/.maintenance2
/Makefile
/manage.py
/manager/
/manager/html
/master.passwd
/master/portquotes_new/admin.log
/.mc/
/media/export-criteo.xml
/member
/memberlist
/members
/members.csv
/members.log
/members.mdb
/membersonly
/members.sql
/members.sql.gz
/members.sqlite
/members.txt
/members.xls
/.memdump
/memoria
/mercurial.ini
/.mergesources.yml
/.meta
/.metadata
/.metadata/
/META-INF/context.xml
/_mmServerScripts/MMHTTPDB.asp
/_mmServerScripts/MMHTTPDB.php
/moadmin.php
/moderator/
/moderator.php
/.modgit/
/.modman
/.modman/
/.modules
/modules/php/php.info
/modules/spaw2/dialogs/dialog.php
/mongoid.yml
/.mr.developer.cfg
/mrtg.cfg
/.msi
/msql/
/mssql/
/mt-check.cgi
/muracms.esproj
/mw-config/
/.mweval_history
/.mwsql_history
/myadm/
/myadmin/
/MyAdmin/
/myadmin/index.php
/myadmin/scripts/setup.php
/mybackup/
/mysql/
/mysql-admin/
/mysqladmin/
/mysql/adminer.php
/mysqladmin/scripts/setup.php
/mysql_backups/
/mysql_debug.sql
/mysqldumper/
/mysql.err
/.mysql_history
/mysqlitedb.db
/mysql.log
/mysqlmanager/
/mysql.php
/mysql/scripts/setup.php
/mysql.sql
/nano.save
/nbactions.xml
/nb-configuration.xml
/.nbproject/
/nbproject/
/nbproject/private/private.properties
/nbproject/private/private.xml
/nbproject/project.properties
/nbproject/project.xml
/.netrc
/.netrwhist
/New%20Folder
/New%20folder%20(2)
/new.php
/nginx-access.log
/nginx.conf
/nginx-error.log
/nginx-ssl.access.log
/nginx-ssl.error.log
/nginx_status
/nginx-status/
/.nodelete
/nohup.out
/_notes/dwsync.xml
/_novo/composer.lock
/npm-debug.log
/.npmignore
/.npmrc
/.nsconfig
/nst.php
/nstview.php
/odbc
/old
/_old
/.old
/old/
/oldfiles
/old_files
/old.htaccess
/old.htpasswd
/old_site/
/.oldsnippets
/.oldstatic
/oracle
/order_add_log.txt
/order_log
/order.log
/orders
/orders.csv
/orders_log
/orders.log
/orders.sql
/orders.sql.gz
/orders.txt
/orders.xls
/order.txt
/.org-id-locations
/ospfd.conf
/.ost
/output-build.txt
/package.json
/_pages
/painel/config/config.php.example
/panel/
/panel.php
/pass
/pass.dat
/passes.txt
/passlist
/passlist.txt
/pass.txt
/passwd
/.passwd
/passwd.adjunct
/passwd.bak
/passwd.txt
/password
/Password
/password.html
/password.log
/password.log‎
/password.mdb
/passwords
/passwords.html
/passwords.mdb
/password.sqlite
/passwords.sqlite
/passwords.txt
/password.txt
/.patches/
/pbmadmin/
/.perf
/personal
/personal.mdb
/personal.sqlite
/pgadmin
/pgadmin.log
/phinx.yml
/php
/php4.ini
/php5.fcgi
/php5.ini
/phpadmin/
/phpadminmy/
/php-backdoor.php
/php-cgi.core
/php_cli_errors.log
/php-cli.ini
/php.core
/php-cs-fixer.phar
/.phperr.log
/phperrors.log
/.php_history
/phpinfo
/php_info.php
/php-info.php
/phpinfo.php
/phpinfo.php3
/phpinfo.php4
/phpinfo.php5
/.php-ini
/php.ini
/php.ini~
/php.ini_
/phpini.bak
/php.ini-orig.txt
/php.ini.sample
/phpin.php
/.phpintel
/phpldapadmin
/phpldapadmin/
/phpliteadmin.php
/php.lnk
/php.log
/phpma/
/phpmanager/
/phpmem/
/phpmemcachedadmin/
/phpmy/
/phpMy/
/phpmyad/
/_phpmyadmin/
/_phpMyAdmin/
/_pHpMyAdMiN/
/_PHPMYADMIN/
/php-my-admin/
/php-myadmin/
/phpmy-admin/
/phpmyadmin/
/phpmyadmin/scripts/setup.php
/phpMyAdmin/scripts/setup.php
/phppgadmin/
/phpPgAdmin/
/php.php
/php/phpmyadmin/
/phpRedisAdmin/
/phpredmin/
/phpsecinfo/
/.phpstorm.meta.php
/phpsysinfo/
/phpThumb/
/phpThumb.php
/.phptidy-cache
/phpunit.phar
/phpunit.xml
/phpunit.xml.dist
/.phpversion
/.php-version
/phymyadmin/
/pinfo.php
/pi.php
/pi.php5
/pip-log.txt
/.pki
/.placeholder
/.playground
/plugins/editors/fckeditor
/plugins/fckeditor
/plugins.log
/plugins/sfSWFUploadPlugin/web/sfSWFUploadPlugin/swf/swfupload_f9.swf
/plugins/sfSWFUploadPlugin/web/sfSWFUploadPlugin/swf/swfupload.swf
/plugins/spaw2/dialogs/dialog.php
/plugins/tinymce/
/plugins/upload.php
/plugins/web.config
/plupload
/__pma___/
/p/m/a/
/pma/
/PMA/
/pma2005/
/PMA2005/
/pma4/
/pmadmin/
/pma/index.php
/pma/scripts/setup.php
/pmyadmin/
/pom.xml
/p.php
/prefetch.txt
/priv8.php
/_private
/private.key
/private.mdb
/private.sqlite
/.procmailrc
/.profile
/proftpdpasswd
/.project
/.project/
/.projectOptions
/project.pbxproj
/.project.xml
/project.xml
/propel.ini
/propel.yml
/.properties
/prv/
/.psql_history
/.pst
/publication_list.xml
/public/spaw2/dialogs/dialog.php
/pwd.db
/pws.txt
/pw.txt
/.pydevproject
/.python-eggs
/qa/
/.qqestore/
/query.log
/r00t.php
/r57eng.php
/r57.php
/r57shell.php
/r58.php
/r99.php
/.rar
/.raw
/.rbtp
/.rdsTempFiles
/Read
/Read%20Me.txt
/readme
/README
/read.me
/README.htm
/readme.html
/README.md
/Read_Me.txt
/readme.txt
/Readme.txt
/README.txt
/recentservers.xml
/register.php
/RELEASE_NOTES.txt
/remote.php/webdav/
/.remote-sync.json
/request.log
/reseller
/resources/fckeditor
/resources.xml
/restore.php
/restricted
/.revision
/revision.inc
/revision.txt
/.rhosts
/.robots.txt
/RootCA.crt
/r.php
/rst.php
/.rsync_cache
/.rsync_cache/
/.rtlcssrc
/.rubocop_todo.yml
/.rubocop.yml
/.ruby-gemset
/.ruby-version
/.rvmrc
/.s3backupstatus
/.s3cfg
/sa2.php
/sales.csv
/sales.log
/sales.sql
/sales.sql.gz
/sales.txt
/sales.xls
/sample.txt
/sample.txt~
/sa.php
/.sass-cache/
/schema.sql
/schema.yml
/scripts/setup.php
/.scrutinizer.yml
/searchreplacedb2cli.php
/searchreplacedb2.php
/secret/
/Secret/
/secrets/
/.selected_editor
/.sencha/
/Server/
/server.cfg
/server-info
/server.log
/Server.php
/servers/
/server-status/
/server.xml
/service.asmx
/service.properties
/services
/servlet/Oracle.xml.xsql.XSQLServlet/soapdocs/webapps/soap/WEB-INF/config/soapConfig.xml
/servlet/oracle.xml.xsql.XSQLServlet/xsql/lib/XSQLConfig.xml
/serv-u.ini
/session/
/sessions/
/.settings
/.settings/
/settings/
/settings.bak
/settings.dist
/settings.ini
/.settings/.jsdtscope
/settings.old
/.settings/org.eclipse.core.resources.prefs
/.settings/org.eclipse.php.core.prefs
/.settings/org.eclipse.wst.common.project.facet.core.xml
/.settings/org.eclipse.wst.jsdt.ui.superType.container
/.settings/org.eclipse.wst.jsdt.ui.superType.name
/settings.php
/settings.php~
/settings.php1
/settings.php2
/settings.php.bak
/settings.php.dist
/settings.php.old
/settings.php.save
/.settings.php.swp
/settings.php.swp
/settings.php.templ
/settings.php.txt
/settings.py
/settings.save
/settings.swp
/settings.txt
/settings.xml
/settings.yml
/setup/
/setup.php
/setup.sql
/sftp-config.json
/.sh
/Sh3ll.php
/_shared.yml
/shell/
/shell.php
/shellz.php
/.sh_history
/shop.sql
/.shrc
/signup.action
/simple-backdoor.php
/.simplecov
/siteadmin
/site_admin
/site/common.xml
/site.rar
/sites.ini
/site.sql
/site.tar.gz
/site.txt
/slapd.conf
/.sln
/.smushit-status
/soap/
/soapdocs/webapps/soap/WEB-INF/config/soapConfig.xml
/soapserver/
/_source
/source.php
/.spamassassin
/spaw2/dialogs/dialog.php
/spaw/dialogs/dialog.php
/spec/lib/database.yml
/spec/lib/settings.local.yml
/spwd.db
/spy.aspx
/_SQL
/__SQL
/.sql
/sql/
/sqladm
/_sqladm
/sqladmin
/sqlbuddy
/sqlbuddy/login.php
/.sql.bz2
/sql/db.sql
/sql_dumps
/sql_error.log
/.sql.gz
/sql.inc
/sql/index.php
/.sqlite_history
/sqlmanager/
/sqlmigrate.php
/sqlnet.log
/sql.php
/sql.sql
/sql.tar
/sql.tgz
/sql.txt
/sqlweb/
/sql.zip
/_src
/ss_database_backup.sql
/.ssh
/.ssh.asp
/.ssh/authorized_keys
/.ssh/id_rsa
/.ssh/id_rsa~
/.ssh/id_rsa.key
/.ssh/id_rsa.key~
/.ssh/id_rsa.priv
/.ssh/id_rsa.priv~
/.ssh/id_rsa.pub
/.ssh/id_rsa.pub~
/.ssh/know_hosts
/.ssh/know_hosts~
/.ssh/known_host
/.ssh.php
/stat/
/statistics/
/stats
/stats/
/status/
/statusicon/
/status.php
/STATUS.txt
/status.xsl
/.st_cache/
/stronghold-info
/stronghold-status
/stub-status
/.sublime-gulp.cache
/.sublime-project
/.sublime-workspace
/.subversion
/.sucuriquarantine/
/sugarcrm.log
/.sunw
/surgemail/
/surgemail/mtemp/surgeweb/tpl/shared/modules/swfupload_f9.swf
/surgemail/mtemp/surgeweb/tpl/shared/modules/swfupload.swf
/.svn
/.svn/
/svn/
/SVN/
/.svn/entries
/.svnignore
/svn.revision
/.sw
/.swf
/swfupload
/.swo
/.swp
/sxd/
/sxd/backup/
/symfony/apps/frontend/config/routing.yml
/symfony/apps/frontend/config/settings.yml
/symfony/config/databases.yml
/Symlink.php
/Symlink.pl
/symphony/apps/frontend/config/app.yml
/symphony/apps/frontend/config/databases.yml
/symphony/config/app.yml
/symphony/config/databases.yml
/sYm.php
/Sym.php
/sym/root/home/
/.SyncID
/.SyncIgnore
/.synthquota
/sysadmin
/sysadmin.php
/sysadmins
/sysadmins/
/sysbackup
/syslog/
/system/cron/cron.txt
/system/error.txt
/system/log/
/system.log
/system/logs/
/.system/sitemap.xml
/t00.php
/.tags
/.tags_sorted_by_file
/tar
/.tar
/.tar.bz2
/tar.bz2
/.tar.gz
/tar.gz
/technico.txt
/telphin.log
/.temp
/temp/
/TEMP/
/template/
/templates/
/templates/beez/index.php
/templates/ja-helio-farsi/index.php
/templates/rhuk_milkyway/index.php
/temp.php
/test
/_test
/test_
/test/
/test0.php
/test123.php
/test1.php
/test2.php
/test3.php
/test4.php
/test5.php
/test6.php
/test7.php
/test8.php
/test9.php
/test.asp
/test.aspx
/test.chm
/test.htm
/test.html
/test_ip.php
/test.jsp
/test.mdb
/__test.php
/test.php
/tests
/tests/phpunit_report.xml
/test.sqlite
/test.txt
/.tgitconfig
/.thumbs
/Thumbs.db
/tiny_mce/
/tinymce/
/tiny_mce/plugins/filemanager/examples.html
/tiny_mce/plugins/imagemanager/pages/im/index.html
/tmp
/TMP
/.tmp
/tmp/
/tmp/2.php
/tmp/access_log
/tmp/access.log
/tmp/admin.php
/tmp/cgi.pl
/tmp/Cgishell.pl
/tmp/changeall.php
/tmp/cpn.php
/tmp/d0maine.php
/tmp/domaine.php
/tmp/domaine.pl
/tmp/d.php
/tmp/dz1.php
/tmp/dz.php
/tmp/error_log
/tmp/error.log
/tmp/index.php
/tmp/killer.php
/tmp/L3b.php
/tmp/madspotshell.php
/tmp/priv8.php
/.tmproj
/tmp/root.php
/tmp/sessions/
/tmp/sql.php
/tmp/Sym.php
/tmp/upload.php
/tmp/uploads.php
/tmp/up.php
/tmp/user.php
/tmp/vaga.php
/tmp/whmcs.php
/tmp/xd.php
/tools
/tools/_backups/
/.tox
/Trace.axd
/Trace.axd::$DATA
/.transients_purge.log
/.Trash
/.Trashes
/.travis.yml
/travis.yml
/tst
/.tx/
/typo3/phpmyadmin/
/typo3/phpmyadmin/scripts/setup.php
/uber/phpMemcachedAdmin/
/uber/phpMyAdmin/
/uber/phpMyAdminBackup/
/unattend.txt
/updates
/UPDATE.txt
/UPGRADE
/upgrade.php
/UPGRADE.txt
/Upload
/upload/
/upload/1.php
/upload2.php
/uploadarticles/uploadTester.asp
/upload.asp
/upload.aspx
/upload/b_user.csv
/upload/b_user.xls
/upload.cfm
/uploader/
/uploader.php
/upload_file.php
/uploadfile.php
/uploadfiles.php
/upload.htm
/upload.html
/uploadify/
/uploadify.php
/uploadify/uploadify.swf
/upload.php
/upload.php3
/uploads/
/upload.shtm
/uploads.php
/upload/test.php
/upload/test.txt
/upload/upload.php
/upl.php
/up.php
/upstream_conf
/ur-admin.php
/useradmin
/useradmin/
/usercp2.php
/UserFile
/userfiles
/UserFiles
/user_guide
/.user.ini
/usernames.txt
/user.php
/users/
/users.csv
/users.db
/users.ini
/users.log
/users.mdb
/users.php
/users.sql
/users.sql.gz
/users.sqlite
/users.txt
/users.xls
/users.yml
/user.txt
/user_uploads
/.vacation.cache
/.vagrant
/Vagrantfile
/vagrant-spec.config.rb
/validator.php
/var/backups/
/var/debug.log
/var/log/
/var/logs/
/vb.rar
/vb.sql
/vb.zip
/.version
/VERSION.txt
/.vgextensions/
/view.php
/.viminfo
/.vimrc
/_vti_inf.html
/_vti_pvt/service.cnf
/vtund.conf
/wcx_ftp.ini
/.web
/webacula/application/config.ini
/webadmin
/webadmin/
/webadmin.html
/webadmin.php
/web.config
/web.config.bak
/web.config.bakup
/web.config::$DATA
/web.config.old
/web.config.temp
/web.config.tmp
/web.config.txt
/web-console/
/web-console/Invoker
/web-console/ServerInfo.jsp
/webdav/
/webdav/index.html
/webdav/servlet/webdav/
/webdb/
/web.Debug.config
/Web.Debug.config
/webgrind
/_WEB_INF/
/WEB-INF/config.xml
/WEB-INF/web.xml
/WEB-INF./web.xml
/webmail/
/webmail/src/configtest.php
/webmin/
/webpack.config.js
/webpack.config.node.js
/web/phpMyAdmin/
/web/phpMyAdmin/scripts/setup.php
/Web.Release.config
/web.Release.confiп
/web/scripts/setup.php
/webservice/AutoComplete.amx
/website.git
/websql/
/webstat/
/webstats/
/webstats.html
/whmcs/downloads/dz.php
/whmcs.php
/.workspace/
/wp-admin/c99.php
/wp-admin/setup-config.php
/wp-app.log
/wp-command.php
/wp-config.bak
/wp-config.dist
/wp-config.inc
/wp-config.old
/wp-config.php~
/wp-config.php1
/wp-config.php2
/wp-config.php.bak
/wp-config.php.dist
/wp-config.php.inc
/wp-config.php.old
/wp-config.php.save
/.wp-config.php.swp
/wp-config.php.swp
/wp-config.php.templ
/wp-config.php.txt
/wp-config.save
/wp-config.swp
/wp-config.txt
/wp-content/backup-db/
/wp-content/backups/
/wp-content/debug.log
/wp-content/plugins/akismet/admin.php
/wp-content/plugins/akismet/akismet.php
/wp-content/plugins/google-sitemap-generator/sitemap-core.php
/wp-content/uploads/
/wp.php
/wp.rar/
/wp-register.php
/wp.sql
/wp.zip
/wp.zip/nwp-content/plugins/disqus-comment-system/disqus.php
/ws/api_test.php
/ws_ftp.ini
/WS_FTP.LOG
/wso2.5.1.php
/wso2_pack.php
/wso2.php
/wso.php
/WSO.php
/ws.php
/wvdial.conf
/_www
/wwwboard/passwd.txt
/wwwstats.htm
/xampp/phpmyadmin/
/xampp/phpmyadmin/scripts/setup.php
/xd.php
/xls/
/xml/_common.xml
/xml/common.xml
/xmlrpc_server.php
/x.php
/xphperrors.log
/xphpMyAdmin/
/xsl/
/xsl/_common.xsl
/xsl/common.xsl
/xsql/lib/XSQLConfig.xml
/.yardopts
/zabbix/
/zebra.conf
/zehir.php
/zeroclipboard.swf
/.zeus.sock
/.zfs/
/.zip
/zm_cms/spaw2/dialogs/dialog.php
/zone-h.php

